2021-05-06 11:20:38,044 [INFO] Activator:170 - 


2021-05-06 11:20:38,047 [INFO] Activator:171 - !SESSION log4j initialized
2021-05-06 11:20:53,337 [INFO] McuFinderGlobals:40 - Set McuFinder mode to 2 (CubeIDE integrated)
2021-05-06 11:20:53,866 [INFO] ApplicationProperties:181 - Using Application install path: C:\ST\STM32CubeIDE_1.3.0\STM32CubeIDE\plugins\com.st.stm32cube.common.mx_6.1.1.202012091304
2021-05-06 11:20:53,880 [INFO] DbMcusXml:71 - Set database path to: C:\ST\STM32CubeIDE_1.3.0\STM32CubeIDE\plugins\com.st.stm32cube.common.mx_6.1.1.202012091304\\db\/mcu/
2021-05-06 11:20:53,887 [INFO] DbBoardsPdsc:57 - Set plugin database path to: C:\ST\STM32CubeIDE_1.3.0\STM32CubeIDE\plugins\com.st.stm32cube.common.mx_6.1.1.202012091304\\db\/plugins/boardmanager/
2021-05-06 11:20:53,887 [INFO] DbMcus:259 - Set plugin images path to: C:\ST\STM32CubeIDE_1.3.0\STM32CubeIDE\plugins\com.st.stm32cube.common.mx_6.1.1.202012091304\\db\/plugins/mcufinder/images/
2021-05-06 11:20:53,887 [INFO] DbBoards:265 - Set plugin images path to: C:\ST\STM32CubeIDE_1.3.0\STM32CubeIDE\plugins\com.st.stm32cube.common.mx_6.1.1.202012091304\\db\/plugins/mcufinder/images/
2021-05-06 11:20:53,890 [INFO] DbExamples:329 - Set plugin images path to: C:\ST\STM32CubeIDE_1.3.0\STM32CubeIDE\plugins\com.st.stm32cube.common.mx_6.1.1.202012091304\\db\/plugins/mcufinder/images/
2021-05-06 11:20:53,895 [INFO] DbMcusDocs:112 - Set database path to: C:\Users\Thomas\.stmcufinder\plugins\mcufinder//mcu/
2021-05-06 11:20:53,897 [INFO] DbMcusJson:63 - Set database path to: C:\Users\Thomas\.stmcufinder\plugins\mcufinder//mcu/
2021-05-06 11:20:53,898 [INFO] DbBoardsDocs:112 - Set database path to: C:\Users\Thomas\.stmcufinder\plugins\mcufinder//mcu/
2021-05-06 11:20:53,899 [INFO] DbBoardsJson:56 - Set database path to: C:\Users\Thomas\.stmcufinder\plugins\mcufinder//mcu/
2021-05-06 11:20:53,905 [INFO] CrossReferenceDbSqlite:196 - Set database path to: C:\Users\Thomas\.stmcufinder\plugins\mcufinder//mcu/cs/
2021-05-06 11:20:53,908 [INFO] DbExamplesSqlite:699 - Set database path to: C:\Users\Thomas\.stmcufinder\plugins\mcufinder//mcu/
2021-05-06 11:20:54,032 [INFO] RulesReader:52 - Compatibility file has been processed (228 Rules)
2021-05-06 11:20:54,131 [INFO] MicroXplorer:565 - Detected Java Version = 1.8.0_242
2021-05-06 11:20:54,131 [INFO] DbMcusXml:71 - Set database path to: C:\ST\STM32CubeIDE_1.3.0\STM32CubeIDE\plugins\com.st.stm32cube.common.mx_6.1.1.202012091304\\db\/mcu/
2021-05-06 11:20:54,132 [INFO] DbBoardsPdsc:57 - Set plugin database path to: C:\ST\STM32CubeIDE_1.3.0\STM32CubeIDE\plugins\com.st.stm32cube.common.mx_6.1.1.202012091304\\db\/plugins/boardmanager/
2021-05-06 11:20:54,133 [INFO] DbMcus:259 - Set plugin images path to: C:\ST\STM32CubeIDE_1.3.0\STM32CubeIDE\plugins\com.st.stm32cube.common.mx_6.1.1.202012091304\\db\/plugins/mcufinder/images/
2021-05-06 11:20:54,133 [INFO] DbBoards:265 - Set plugin images path to: C:\ST\STM32CubeIDE_1.3.0\STM32CubeIDE\plugins\com.st.stm32cube.common.mx_6.1.1.202012091304\\db\/plugins/mcufinder/images/
2021-05-06 11:20:54,133 [INFO] DbExamples:329 - Set plugin images path to: C:\ST\STM32CubeIDE_1.3.0\STM32CubeIDE\plugins\com.st.stm32cube.common.mx_6.1.1.202012091304\\db\/plugins/mcufinder/images/
2021-05-06 11:20:54,133 [WARN] DbFile:36 - Overriding database path with different value: C:\Users\Thomas\.stmcufinder\plugins\mcufinder/ => C:\Users\Thomas\.stmcufinder\plugins\mcufinder
2021-05-06 11:20:54,134 [INFO] DbMcusDocs:112 - Set database path to: C:\Users\Thomas\.stmcufinder\plugins\mcufinder//mcu/
2021-05-06 11:20:54,134 [WARN] DbFile:36 - Overriding database path with different value: C:\Users\Thomas\.stmcufinder\plugins\mcufinder/ => C:\Users\Thomas\.stmcufinder\plugins\mcufinder
2021-05-06 11:20:54,134 [INFO] DbMcusJson:63 - Set database path to: C:\Users\Thomas\.stmcufinder\plugins\mcufinder//mcu/
2021-05-06 11:20:54,134 [WARN] DbFile:36 - Overriding database path with different value: C:\Users\Thomas\.stmcufinder\plugins\mcufinder/ => C:\Users\Thomas\.stmcufinder\plugins\mcufinder
2021-05-06 11:20:54,134 [INFO] DbBoardsDocs:112 - Set database path to: C:\Users\Thomas\.stmcufinder\plugins\mcufinder//mcu/
2021-05-06 11:20:54,134 [WARN] DbFile:36 - Overriding database path with different value: C:\Users\Thomas\.stmcufinder\plugins\mcufinder/ => C:\Users\Thomas\.stmcufinder\plugins\mcufinder
2021-05-06 11:20:54,134 [INFO] DbBoardsJson:56 - Set database path to: C:\Users\Thomas\.stmcufinder\plugins\mcufinder//mcu/
2021-05-06 11:20:54,135 [WARN] DbFile:36 - Overriding database path with different value: C:\Users\Thomas\.stmcufinder\plugins\mcufinder/ => C:\Users\Thomas\.stmcufinder\plugins\mcufinder
2021-05-06 11:20:54,135 [WARN] DbFile:36 - Overriding database path with different value: C:\Users\Thomas\.stmcufinder\plugins\mcufinder/ => C:\Users\Thomas\.stmcufinder\plugins\mcufinder
2021-05-06 11:20:54,135 [INFO] CrossReferenceDbSqlite:196 - Set database path to: C:\Users\Thomas\.stmcufinder\plugins\mcufinder//mcu/cs/
2021-05-06 11:20:54,135 [WARN] DbFile:36 - Overriding database path with different value: C:\Users\Thomas\.stmcufinder\plugins\mcufinder/ => C:\Users\Thomas\.stmcufinder\plugins\mcufinder
2021-05-06 11:20:54,135 [INFO] DbExamplesSqlite:699 - Set database path to: C:\Users\Thomas\.stmcufinder\plugins\mcufinder//mcu/
2021-05-06 11:20:54,204 [INFO] MainPanel:190 - HeapMemory: 268435456
2021-05-06 11:20:54,284 [INFO] DbMcusXml:71 - Set database path to: C:\ST\STM32CubeIDE_1.3.0\STM32CubeIDE\plugins\com.st.stm32cube.common.mx_6.1.1.202012091304\\db\/mcu/
2021-05-06 11:20:54,284 [INFO] DbBoardsPdsc:57 - Set plugin database path to: C:\ST\STM32CubeIDE_1.3.0\STM32CubeIDE\plugins\com.st.stm32cube.common.mx_6.1.1.202012091304\\db\/plugins/boardmanager/
2021-05-06 11:20:54,285 [INFO] DbMcus:259 - Set plugin images path to: C:\ST\STM32CubeIDE_1.3.0\STM32CubeIDE\plugins\com.st.stm32cube.common.mx_6.1.1.202012091304\\db\/plugins/mcufinder/images/
2021-05-06 11:20:54,285 [INFO] DbBoards:265 - Set plugin images path to: C:\ST\STM32CubeIDE_1.3.0\STM32CubeIDE\plugins\com.st.stm32cube.common.mx_6.1.1.202012091304\\db\/plugins/mcufinder/images/
2021-05-06 11:20:54,285 [INFO] DbExamples:329 - Set plugin images path to: C:\ST\STM32CubeIDE_1.3.0\STM32CubeIDE\plugins\com.st.stm32cube.common.mx_6.1.1.202012091304\\db\/plugins/mcufinder/images/
2021-05-06 11:20:54,285 [WARN] DbFile:36 - Overriding database path with different value: C:\Users\Thomas\.stmcufinder\plugins\mcufinder/ => C:\Users\Thomas\.stmcufinder\plugins\mcufinder
2021-05-06 11:20:54,285 [INFO] DbMcusDocs:112 - Set database path to: C:\Users\Thomas\.stmcufinder\plugins\mcufinder//mcu/
2021-05-06 11:20:54,286 [WARN] DbFile:36 - Overriding database path with different value: C:\Users\Thomas\.stmcufinder\plugins\mcufinder/ => C:\Users\Thomas\.stmcufinder\plugins\mcufinder
2021-05-06 11:20:54,286 [INFO] DbMcusJson:63 - Set database path to: C:\Users\Thomas\.stmcufinder\plugins\mcufinder//mcu/
2021-05-06 11:20:54,286 [WARN] DbFile:36 - Overriding database path with different value: C:\Users\Thomas\.stmcufinder\plugins\mcufinder/ => C:\Users\Thomas\.stmcufinder\plugins\mcufinder
2021-05-06 11:20:54,286 [INFO] DbBoardsDocs:112 - Set database path to: C:\Users\Thomas\.stmcufinder\plugins\mcufinder//mcu/
2021-05-06 11:20:54,286 [WARN] DbFile:36 - Overriding database path with different value: C:\Users\Thomas\.stmcufinder\plugins\mcufinder/ => C:\Users\Thomas\.stmcufinder\plugins\mcufinder
2021-05-06 11:20:54,286 [INFO] DbBoardsJson:56 - Set database path to: C:\Users\Thomas\.stmcufinder\plugins\mcufinder//mcu/
2021-05-06 11:20:54,286 [WARN] DbFile:36 - Overriding database path with different value: C:\Users\Thomas\.stmcufinder\plugins\mcufinder/ => C:\Users\Thomas\.stmcufinder\plugins\mcufinder
2021-05-06 11:20:54,286 [WARN] DbFile:36 - Overriding database path with different value: C:\Users\Thomas\.stmcufinder\plugins\mcufinder/ => C:\Users\Thomas\.stmcufinder\plugins\mcufinder
2021-05-06 11:20:54,287 [INFO] CrossReferenceDbSqlite:196 - Set database path to: C:\Users\Thomas\.stmcufinder\plugins\mcufinder//mcu/cs/
2021-05-06 11:20:54,287 [WARN] DbFile:36 - Overriding database path with different value: C:\Users\Thomas\.stmcufinder\plugins\mcufinder/ => C:\Users\Thomas\.stmcufinder\plugins\mcufinder
2021-05-06 11:20:54,287 [INFO] DbExamplesSqlite:699 - Set database path to: C:\Users\Thomas\.stmcufinder\plugins\mcufinder//mcu/
2021-05-06 11:20:54,306 [INFO] ApplicationProperties:181 - Using Application install path: C:\ST\STM32CubeIDE_1.3.0\STM32CubeIDE\plugins\com.st.stm32cube.common.mx_6.1.1.202012091304
2021-05-06 11:20:54,308 [INFO] PluginManage:178 - Search for loadable plugins [exclusion list=, ]
2021-05-06 11:20:54,309 [INFO] PluginManage:292 - Check plugin analytics
2021-05-06 11:20:58,988 [INFO] AnalyticsPlugin:225 - Accepted Software Licenses: 
2021-05-06 11:20:58,989 [INFO] AnalyticsPlugin:227 - Accepted CMSIS Pack Licenses: 
2021-05-06 11:20:58,989 [INFO] AnalyticsPlugin:229 - Accepted Firmware Licenses: 
2021-05-06 11:20:58,990 [INFO] PluginManage:342 - Loaded plugin analytics (category:tool,tabindex:-1)
2021-05-06 11:20:58,990 [INFO] PluginManage:292 - Check plugin clock
2021-05-06 11:20:59,010 [INFO] PluginManage:342 - Loaded plugin clock (category:base,tabindex:2)
2021-05-06 11:20:59,010 [INFO] PluginManage:292 - Check plugin ddr
2021-05-06 11:20:59,012 [INFO] PluginManage:342 - Loaded plugin ddr (category:tool,tabindex:6)
2021-05-06 11:20:59,013 [INFO] PluginManage:292 - Check plugin filemanager
2021-05-06 11:20:59,200 [INFO] PluginManage:342 - Loaded plugin filemanager (category:base,tabindex:10)
2021-05-06 11:20:59,200 [INFO] PluginManage:292 - Check plugin ipmanager
2021-05-06 11:20:59,208 [INFO] PluginManage:342 - Loaded plugin ipmanager (category:base,tabindex:5)
2021-05-06 11:20:59,208 [INFO] PluginManage:292 - Check plugin pinoutandconfiguration
2021-05-06 11:20:59,224 [INFO] PluginManage:342 - Loaded plugin pinoutandconfiguration (category:base,tabindex:1)
2021-05-06 11:20:59,224 [INFO] PluginManage:292 - Check plugin pinoutconfig
2021-05-06 11:20:59,257 [INFO] PluginManage:342 - Loaded plugin pinoutconfig (category:base,tabindex:0)
2021-05-06 11:20:59,257 [INFO] PluginManage:292 - Check plugin power
2021-05-06 11:20:59,272 [INFO] PluginManage:342 - Loaded plugin power (category:power,tabindex:4)
2021-05-06 11:20:59,272 [INFO] PluginManage:292 - Check plugin projectmanager
2021-05-06 11:20:59,289 [INFO] PluginManage:342 - Loaded plugin projectmanager (category:projectmanager,tabindex:3)
2021-05-06 11:20:59,290 [INFO] PluginManage:292 - Check plugin thirdparty
2021-05-06 11:20:59,495 [INFO] PluginManage:342 - Loaded plugin thirdparty (category:base,tabindex:-1)
2021-05-06 11:20:59,495 [WARN] IntegrityCheckThread:59 - waiting for thirdparty lock release [integrity check]
2021-05-06 11:20:59,495 [INFO] PluginManage:292 - Check plugin tools
2021-05-06 11:20:59,495 [INFO] IntegrityCheckThread:61 - entering critical section [integrity check]
2021-05-06 11:20:59,496 [INFO] ThirdPartyUpdaterWithRetryManager:56 - Updater plugin not ready yet. [1/15]
2021-05-06 11:20:59,547 [INFO] PluginManage:342 - Loaded plugin tools (category:base,tabindex:7)
2021-05-06 11:20:59,551 [INFO] PluginManage:292 - Check plugin tutovideos
2021-05-06 11:20:59,771 [INFO] PluginManage:342 - Loaded plugin tutovideos (category:base,tabindex:-1)
2021-05-06 11:20:59,771 [INFO] PluginManage:292 - Check plugin updater
2021-05-06 11:20:59,787 [INFO] PluginManage:342 - Loaded plugin updater (category:base,tabindex:12)
2021-05-06 11:20:59,788 [INFO] PluginManage:265 - PluginManage : Loaded plugins [13]
2021-05-06 11:20:59,973 [INFO] PinOutPanel:1434 - setPackage(No Configuration,No Configuration)
2021-05-06 11:21:00,084 [INFO] IPUIPlugin:64 - create IPUIPlugin
2021-05-06 11:21:00,085 [INFO] PluginManager:203 - loadIPPluginJar : add adc
2021-05-06 11:21:00,122 [INFO] IPUIPlugin:64 - create IPUIPlugin
2021-05-06 11:21:00,123 [INFO] PluginManager:203 - loadIPPluginJar : add aes
2021-05-06 11:21:00,167 [INFO] IPUIPlugin:64 - create IPUIPlugin
2021-05-06 11:21:00,168 [INFO] PluginManager:203 - loadIPPluginJar : add can
2021-05-06 11:21:00,195 [INFO] IPUIPlugin:64 - create IPUIPlugin
2021-05-06 11:21:00,195 [INFO] PluginManager:203 - loadIPPluginJar : add comp
2021-05-06 11:21:00,224 [INFO] IPUIPlugin:64 - create IPUIPlugin
2021-05-06 11:21:00,224 [INFO] PluginManager:203 - loadIPPluginJar : add cryp
2021-05-06 11:21:00,253 [INFO] IPUIPlugin:64 - create IPUIPlugin
2021-05-06 11:21:00,254 [INFO] PluginManager:203 - loadIPPluginJar : add dfsdm
2021-05-06 11:21:00,265 [INFO] IPUIPlugin:64 - create IPUIPlugin
2021-05-06 11:21:00,266 [INFO] PluginManager:203 - loadIPPluginJar : add dma
2021-05-06 11:21:00,288 [INFO] IPUIPlugin:64 - create IPUIPlugin
2021-05-06 11:21:00,288 [INFO] PluginManager:203 - loadIPPluginJar : add fatfs
2021-05-06 11:21:00,337 [INFO] IPUIPlugin:64 - create IPUIPlugin
2021-05-06 11:21:00,338 [INFO] PluginManager:203 - loadIPPluginJar : add fmc
2021-05-06 11:21:00,349 [INFO] IPUIPlugin:64 - create IPUIPlugin
2021-05-06 11:21:00,349 [INFO] PluginManager:203 - loadIPPluginJar : add freertos
2021-05-06 11:21:00,374 [INFO] IPUIPlugin:64 - create IPUIPlugin
2021-05-06 11:21:00,375 [INFO] PluginManager:203 - loadIPPluginJar : add genericplugin
2021-05-06 11:21:00,457 [INFO] IPUIPlugin:64 - create IPUIPlugin
2021-05-06 11:21:00,457 [INFO] PluginManager:203 - loadIPPluginJar : add gfxmmu
2021-05-06 11:21:00,560 [INFO] IPUIPlugin:64 - create IPUIPlugin
2021-05-06 11:21:00,561 [INFO] PluginManager:203 - loadIPPluginJar : add gic
2021-05-06 11:21:00,572 [INFO] IPUIPlugin:64 - create IPUIPlugin
2021-05-06 11:21:00,572 [INFO] PluginManager:203 - loadIPPluginJar : add gpio
2021-05-06 11:21:00,630 [INFO] IPUIPlugin:64 - create IPUIPlugin
2021-05-06 11:21:00,630 [INFO] PluginManager:203 - loadIPPluginJar : add gtzc
2021-05-06 11:21:00,659 [INFO] IPUIPlugin:64 - create IPUIPlugin
2021-05-06 11:21:00,659 [INFO] PluginManager:203 - loadIPPluginJar : add hash
2021-05-06 11:21:00,705 [INFO] IPUIPlugin:64 - create IPUIPlugin
2021-05-06 11:21:00,706 [INFO] PluginManager:203 - loadIPPluginJar : add i2c
2021-05-06 11:21:00,746 [INFO] IPUIPlugin:64 - create IPUIPlugin
2021-05-06 11:21:00,747 [INFO] PluginManager:203 - loadIPPluginJar : add i2s
2021-05-06 11:21:00,757 [INFO] IPUIPlugin:64 - create IPUIPlugin
2021-05-06 11:21:00,757 [INFO] PluginManager:203 - loadIPPluginJar : add ipddr
2021-05-06 11:21:00,790 [INFO] IPUIPlugin:64 - create IPUIPlugin
2021-05-06 11:21:00,790 [INFO] PluginManager:203 - loadIPPluginJar : add lorawan
2021-05-06 11:21:00,823 [INFO] IPUIPlugin:64 - create IPUIPlugin
2021-05-06 11:21:00,823 [INFO] PluginManager:203 - loadIPPluginJar : add ltdc
2021-05-06 11:21:00,834 [INFO] IPUIPlugin:64 - create IPUIPlugin
2021-05-06 11:21:00,834 [INFO] PluginManager:203 - loadIPPluginJar : add mdma
2021-05-06 11:21:00,845 [INFO] IPUIPlugin:64 - create IPUIPlugin
2021-05-06 11:21:00,845 [INFO] PluginManager:203 - loadIPPluginJar : add nvic
2021-05-06 11:21:00,878 [INFO] IPUIPlugin:64 - create IPUIPlugin
2021-05-06 11:21:00,879 [INFO] PluginManager:203 - loadIPPluginJar : add opamp
2021-05-06 11:21:00,931 [INFO] IPUIPlugin:64 - create IPUIPlugin
2021-05-06 11:21:00,932 [INFO] PluginManager:203 - loadIPPluginJar : add openamp
2021-05-06 11:21:00,969 [INFO] IPUIPlugin:64 - create IPUIPlugin
2021-05-06 11:21:00,970 [INFO] PluginManager:203 - loadIPPluginJar : add pdm2pcm
2021-05-06 11:21:00,982 [INFO] IPUIPlugin:64 - create IPUIPlugin
2021-05-06 11:21:00,985 [INFO] PluginManager:203 - loadIPPluginJar : add plateformsettings
2021-05-06 11:21:01,006 [INFO] IPUIPlugin:64 - create IPUIPlugin
2021-05-06 11:21:01,006 [INFO] PluginManager:203 - loadIPPluginJar : add quadspi
2021-05-06 11:21:01,016 [INFO] IPUIPlugin:64 - create IPUIPlugin
2021-05-06 11:21:01,017 [INFO] PluginManager:203 - loadIPPluginJar : add resmgrutility
2021-05-06 11:21:01,068 [INFO] IPUIPlugin:64 - create IPUIPlugin
2021-05-06 11:21:01,068 [INFO] PluginManager:203 - loadIPPluginJar : add sai
2021-05-06 11:21:01,103 [INFO] IPUIPlugin:64 - create IPUIPlugin
2021-05-06 11:21:01,103 [INFO] PluginManager:203 - loadIPPluginJar : add spi
2021-05-06 11:21:01,147 [INFO] IPUIPlugin:64 - create IPUIPlugin
2021-05-06 11:21:01,147 [INFO] PluginManager:203 - loadIPPluginJar : add stm32_wpan
2021-05-06 11:21:01,171 [INFO] IPUIPlugin:64 - create IPUIPlugin
2021-05-06 11:21:01,172 [INFO] PluginManager:203 - loadIPPluginJar : add tim
2021-05-06 11:21:01,225 [INFO] IPUIPlugin:64 - create IPUIPlugin
2021-05-06 11:21:01,226 [INFO] PluginManager:203 - loadIPPluginJar : add touchsensing
2021-05-06 11:21:01,251 [INFO] IPUIPlugin:64 - create IPUIPlugin
2021-05-06 11:21:01,251 [INFO] PluginManager:203 - loadIPPluginJar : add tracer_emb
2021-05-06 11:21:01,277 [INFO] IPUIPlugin:64 - create IPUIPlugin
2021-05-06 11:21:01,278 [INFO] PluginManager:203 - loadIPPluginJar : add ts
2021-05-06 11:21:01,302 [INFO] IPUIPlugin:64 - create IPUIPlugin
2021-05-06 11:21:01,303 [INFO] PluginManager:203 - loadIPPluginJar : add tsc
2021-05-06 11:21:01,325 [INFO] IPUIPlugin:64 - create IPUIPlugin
2021-05-06 11:21:01,326 [INFO] PluginManager:203 - loadIPPluginJar : add ucpd
2021-05-06 11:21:01,368 [INFO] IPUIPlugin:64 - create IPUIPlugin
2021-05-06 11:21:01,369 [INFO] PluginManager:203 - loadIPPluginJar : add usart
2021-05-06 11:21:01,665 [FATAL] Updater:284 - Updater called before beeing initialized
2021-05-06 11:21:01,766 [FATAL] Updater:284 - Updater called before beeing initialized
2021-05-06 11:21:01,806 [WARN] DetailPanel:347 - Failed to get advertising image, set to default
2021-05-06 11:21:01,809 [FATAL] Updater:284 - Updater called before beeing initialized
2021-05-06 11:21:01,810 [WARN] DetailPanel:347 - Failed to get advertising image, set to default
2021-05-06 11:21:01,859 [FATAL] Updater:284 - Updater called before beeing initialized
2021-05-06 11:21:01,859 [WARN] ThirdParty:783 - waiting for thirdparty lock release [close project]
2021-05-06 11:21:02,502 [INFO] ThirdPartyUpdaterWithRetryManager:56 - Updater plugin not ready yet. [2/15]
2021-05-06 11:21:05,511 [FATAL] Updater:284 - Updater called before beeing initialized
2021-05-06 11:21:05,511 [ERROR] AbstractThirdPartyUpdaterManager:153 - java.lang.Integer cannot be cast to java.util.List
2021-05-06 11:21:05,511 [INFO] ThirdParty:887 - Integrity check success = false
2021-05-06 11:21:05,511 [INFO] IntegrityCheckThread:75 - exiting critical section [integrity check]
2021-05-06 11:21:05,511 [INFO] IntegrityCheckThread:78 - End integrity checks thread
2021-05-06 11:21:05,511 [INFO] ThirdParty:785 - entering critical section [close project]
2021-05-06 11:21:05,512 [INFO] ThirdParty:796 - exiting critical section [close project]
2021-05-06 11:21:05,516 [INFO] PinOutPanel:1434 - setPackage(No Configuration,No Configuration)
2021-05-06 11:21:05,516 [FATAL] Updater:284 - Updater called before beeing initialized
2021-05-06 11:21:05,529 [ERROR] Updater:1065 - MainUpdater not yet initialized. External WinMGr cannot be set.
2021-05-06 11:21:05,538 [INFO] Updater:1002 - Updater Version found : 6.1.1
2021-05-06 11:21:05,558 [INFO] ApplicationProperties:181 - Using Application install path: C:\ST\STM32CubeIDE_1.3.0\STM32CubeIDE\plugins\com.st.stm32cube.common.mx_6.1.1.202012091304
2021-05-06 11:21:05,751 [INFO] MainUpdater:2644 - connection check result : 10
2021-05-06 11:21:05,752 [INFO] MainUpdater:249 - Updater Check For Update Now.
2021-05-06 11:21:05,752 [INFO] MicroXplorer:415 - Change Database Version : DB.6.0.10
2021-05-06 11:21:05,815 [INFO] CheckServerUpdateThread:102 - End of CheckServer Thread
2021-05-06 11:21:05,884 [INFO] MainUpdater:2644 - connection check result : 10
2021-05-06 11:21:10,320 [INFO] CrossSelectorPresenter:1330 - Cross Selector saved comparison directory: C:\Users\Thomas\.stmcufinder\plugins\mcufinder\mcu\cs_comparisons_mx
2021-05-06 11:21:10,325 [INFO] MultiScanPanel:198 - Auto-refresh data requested => check proxy status ongoing
2021-05-06 11:21:10,328 [INFO] FinderPluginLoader:87 - Searching for filters in installed packs
2021-05-06 11:21:10,329 [INFO] DbMcusXml:97 - Load MCU database from C:\ST\STM32CubeIDE_1.3.0\STM32CubeIDE\plugins\com.st.stm32cube.common.mx_6.1.1.202012091304\\db\/mcu/families.xml
2021-05-06 11:21:11,117 [INFO] DbMcusJson:92 - JSON generation date=Thu Nov 05 17:05:07 CET 2020 (1604592307)
2021-05-06 11:21:11,826 [INFO] DbMcus:176 - Found 1835 MCUs (1796 are supported by CubeMX, 1796 are visible in CubeMX)
2021-05-06 11:21:11,826 [INFO] ApiDb:238 - Load user favorites file C:\Users\Thomas/.stm32cubeide/favorites.mcus.txt: 0 item(s)
2021-05-06 11:21:11,826 [INFO] ApiDb:242 - User favorites MCUs=[]
2021-05-06 11:21:11,827 [INFO] DbMcus:188 - Set 0 / 0 favorites MCUs
2021-05-06 11:21:12,414 [WARN] DetailPanel:347 - Failed to get advertising image, set to default
2021-05-06 11:21:12,717 [INFO] McuFilterPanel:245 - Update 0 favorites MCUs
2021-05-06 11:21:12,802 [INFO] DbBoardsPdsc:91 - Found 24 items
2021-05-06 11:21:12,811 [INFO] DbBoardsPdsc:91 - Found 9 items
2021-05-06 11:21:12,822 [INFO] DbBoardsPdsc:91 - Found 32 items
2021-05-06 11:21:12,855 [INFO] DbBoardsPdsc:91 - Found 1 items
2021-05-06 11:21:12,870 [INFO] DbBoardsPdsc:91 - Found 45 items
2021-05-06 11:21:12,885 [INFO] DbBoardsPdsc:91 - Found 41 items
2021-05-06 11:21:12,894 [INFO] DbBoardsPdsc:91 - Found 2 items
2021-05-06 11:21:12,905 [INFO] DbBoardsPdsc:91 - Found 4 items
2021-05-06 11:21:12,949 [WARN] DbBoardsPdsc:255 - Board STM32H7B3I-DK: unknown feature type=Audio, name=, username=Audio stereo codec with Headphone Amp (CS42L51-CNZ), n=1
2021-05-06 11:21:12,949 [WARN] DbBoardsPdsc:255 - Board STM32H735G-DK: unknown feature type=Audio, name=, username=Audio stereo codec with Headphone Amp (WM8994ECS/R), n=1
2021-05-06 11:21:12,952 [WARN] DbBoardsPdsc:255 - Board STM32H7B3I-EVAL: unknown feature type=Audio, name=, username=Multi-Channel Audio Codec (CS42L51-CNZ), n=1
2021-05-06 11:21:12,952 [WARN] DbBoardsPdsc:255 - Board STM32H7B3I-EVAL: unknown feature type=Meter, name=, username=Power-metering and Temperature-monitoring with sigma-delta modulators, n=1
2021-05-06 11:21:12,953 [WARN] DbBoardsPdsc:255 - Board STM32H7B3I-EVAL: unknown feature type=Motor, name=, username=Motor Control, n=1
2021-05-06 11:21:12,976 [INFO] DbBoardsJson:85 - JSON generation date=Thu Nov 05 15:55:26 CET 2020 (1604588126)
2021-05-06 11:21:12,981 [INFO] DbBoards:118 - Found 158 boards (155 are supported by CubeMX)
2021-05-06 11:21:13,014 [INFO] DbBoardsDocs:145 - JSON generation date=Thu Nov 05 17:05:07 CET 2020 (1604592307)
2021-05-06 11:21:13,029 [INFO] DbBoardsDocs:81 - Found 190 boards documents
2021-05-06 11:21:13,030 [WARN] DbBoards:128 - board B-L462E-CELL1 has no document id list !
2021-05-06 11:21:13,030 [WARN] DbBoards:128 - board B-L475E-IOT01A2 has no document id list !
2021-05-06 11:21:13,030 [WARN] DbBoards:128 - board NUCLEO-G0B1RE has no document id list !
2021-05-06 11:21:13,031 [WARN] DbBoards:128 - board NUCLEO-G491RE has no document id list !
2021-05-06 11:21:13,031 [WARN] DbBoards:128 - board NUCLEO-H743ZI2 has no document id list !
2021-05-06 11:21:13,031 [WARN] DbBoards:128 - board NUCLEO-L4A6ZG has no document id list !
2021-05-06 11:21:13,031 [WARN] DbBoards:128 - board NUCLEO-WB55RG has no document id list !
2021-05-06 11:21:13,031 [WARN] DbBoards:128 - board NUCLEO-WL55JC1 has no document id list !
2021-05-06 11:21:13,032 [WARN] DbBoards:128 - board NUCLEO-WL55JC2 has no document id list !
2021-05-06 11:21:13,032 [WARN] DbBoards:128 - board P-NUCLEO-WB55-Nucleo has no document id list !
2021-05-06 11:21:13,032 [WARN] DbBoards:128 - board P-NUCLEO-WB55-USBDongle has no document id list !
2021-05-06 11:21:13,032 [WARN] DbBoards:128 - board STEVAL-BFA001V1B has no document id list !
2021-05-06 11:21:13,032 [WARN] DbBoards:128 - board STEVAL-BFA001V2B has no document id list !
2021-05-06 11:21:13,032 [WARN] DbBoards:128 - board STEVAL-IDP005V1 has no document id list !
2021-05-06 11:21:13,032 [WARN] DbBoards:128 - board STEVAL-IDP005V2 has no document id list !
2021-05-06 11:21:13,032 [WARN] DbBoards:128 - board STEVAL-MKSBOX1V1 has no document id list !
2021-05-06 11:21:13,032 [WARN] DbBoards:128 - board STEVAL-STWINKT1 has no document id list !
2021-05-06 11:21:13,033 [WARN] DbBoards:128 - board STM32F401C-DISCO has no document id list !
2021-05-06 11:21:13,033 [WARN] DbBoards:128 - board STM32F769I-DISC1 has no document id list !
2021-05-06 11:21:13,033 [WARN] DbBoards:128 - board STM32G0C1E-EV has no document id list !
2021-05-06 11:21:13,034 [WARN] DbBoards:128 - board STM32G474E-EVAL1 has no document id list !
2021-05-06 11:21:13,034 [WARN] DbBoards:128 - board STM32H743I-EVAL2 has no document id list !
2021-05-06 11:21:13,034 [WARN] DbBoards:128 - board STM32H747I-DISC1 has no document id list !
2021-05-06 11:21:13,034 [WARN] DbBoards:128 - board STM32H753I-EVAL2 has no document id list !
2021-05-06 11:21:13,034 [WARN] DbBoards:128 - board STM32L-DISCOVERY has no document id list !
2021-05-06 11:21:13,035 [WARN] DbBoards:128 - board STM32MP157A-DK1 has no document id list !
2021-05-06 11:21:13,035 [WARN] DbBoards:128 - board STM32MP157F-DK2 has no document id list !
2021-05-06 11:21:13,035 [WARN] DbBoards:128 - board STM32MP157F-EV1 has no document id list !
2021-05-06 11:21:14,637 [INFO] ApiDb:238 - Load user favorites file C:\Users\Thomas/.stm32cubeide/favorites.boards.txt: 0 item(s)
2021-05-06 11:21:14,637 [INFO] ApiDb:242 - User favorites Boards=[]
2021-05-06 11:21:14,637 [INFO] DbBoards:207 - Set 0 / 0 favorites Boards
2021-05-06 11:21:22,114 [INFO] MultiScanPanel:198 - Auto-refresh data requested => check proxy status ongoing
2021-05-06 11:21:22,170 [WARN] DetailPanel:347 - Failed to get advertising image, set to default
2021-05-06 11:21:22,181 [INFO] MultiScanPanel:736 - adjusting invalid saved split location: -0.03
2021-05-06 11:21:22,190 [INFO] BoardFilterPanel:214 - Update 0 favorites Boards
2021-05-06 11:21:22,193 [INFO] MultiScanPanel:736 - adjusting invalid saved split location: -0.03
2021-05-06 11:22:54,497 [INFO] MainUpdater:2644 - connection check result : 10
2021-05-06 11:22:54,498 [INFO] MainUpdater:2644 - connection check result : 10
2021-05-06 11:22:54,571 [INFO] MicroXplorer:385 - Change Database Path : 
2021-05-06 11:22:54,571 [INFO] MicroXplorer:415 - Change Database Version : DB.6.0.10
2021-05-06 11:22:54,571 [WARN] ThirdParty:783 - waiting for thirdparty lock release [close project]
2021-05-06 11:22:54,571 [INFO] ThirdParty:785 - entering critical section [close project]
2021-05-06 11:22:54,571 [INFO] ThirdParty:796 - exiting critical section [close project]
2021-05-06 11:22:54,574 [INFO] PinOutPanel:1434 - setPackage(No Configuration,No Configuration)
2021-05-06 11:22:54,575 [INFO] UtilMem:74 - Begin LoadConfig() Used Memory: 400550080 Bytes (477102080)
2021-05-06 11:22:54,591 [INFO] OpenFileManager:274 - Change cursor
2021-05-06 11:22:54,592 [WARN] ThirdParty:204 - Use empty third party IP manager
2021-05-06 11:22:54,611 [WARN] IntegrityCheckThread:59 - waiting for thirdparty lock release [integrity check]
2021-05-06 11:22:54,612 [INFO] IntegrityCheckThread:61 - entering critical section [integrity check]
2021-05-06 11:22:54,778 [WARN] ConditionMgr:437 - getConditionDescription Invalid condition id : SIGFOX STM32 LIB Condition cause : null
2021-05-06 11:22:54,779 [WARN] ConditionMgr:437 - getConditionDescription Invalid condition id : Sigfox Third Party LIB Condition cause : null
2021-05-06 11:22:54,786 [WARN] ConditionMgr:1040 - genDependencies : Invalid condition id : SIGFOX STM32 LIB Condition cause : null
2021-05-06 11:22:54,786 [WARN] ConditionMgr:1040 - genDependencies : Invalid condition id : Sigfox Third Party LIB Condition cause : null
2021-05-06 11:22:54,787 [WARN] ConditionMgr:1040 - genDependencies : Invalid condition id : Sigfox Third Party LIB Condition cause : null
2021-05-06 11:22:54,787 [WARN] ConditionMgr:1040 - genDependencies : Invalid condition id : SIGFOX STM32 LIB Condition cause : null
2021-05-06 11:22:54,788 [WARN] ConditionMgr:1040 - genDependencies : Invalid condition id : SIGFOX STM32 LIB Condition cause : null
2021-05-06 11:22:54,788 [WARN] ConditionMgr:1040 - genDependencies : Invalid condition id : Sigfox Third Party LIB Condition cause : null
2021-05-06 11:22:55,576 [INFO] ThirdParty:887 - Integrity check success = true
2021-05-06 11:22:55,576 [INFO] IntegrityCheckThread:75 - exiting critical section [integrity check]
2021-05-06 11:22:55,576 [INFO] IntegrityCheckThread:78 - End integrity checks thread
2021-05-06 11:22:58,823 [INFO] Rule:212 - rule GTZC_S instance for project manager is applicable
2021-05-06 11:22:58,823 [INFO] Rule:212 - rule GTZC_S instance for context M0+ is applicable
2021-05-06 11:22:58,823 [INFO] Rule:212 - rule GTZC_NS instance for context M4 is applicable
2021-05-06 11:22:58,823 [INFO] Rule:212 - rule GTZC_S instance value for IP GTZC is applicable
2021-05-06 11:22:58,823 [INFO] Rule:212 - rule GTZC_S instance for mcu is applicable
2021-05-06 11:22:58,823 [INFO] Rule:212 - rule GTZC_S instance for VP is applicable
2021-05-06 11:22:58,824 [INFO] Rule:212 - rule GTZC_S instance for signal is applicable
2021-05-06 11:22:58,824 [INFO] Rule:212 - rule SPDIFRX instance for mcu is applicable
2021-05-06 11:22:58,824 [INFO] Rule:212 - rule Rename Tracer Mode is applicable
2021-05-06 11:22:58,824 [INFO] Rule:212 - rule SPDIFRX instance value for IP SPDIFRX is applicable
2021-05-06 11:22:58,824 [INFO] Rule:212 - rule SPDIFRX instance for signal is applicable
2021-05-06 11:22:58,824 [INFO] Rule:212 - rule SPDIFRX instance for project manager is applicable
2021-05-06 11:22:58,824 [INFO] Rule:212 - rule SPDIFRX instance for project manager is applicable
2021-05-06 11:22:58,824 [INFO] Rule:212 - rule ADC Scan  fix with FW F7 is applicable
2021-05-06 11:22:58,824 [INFO] Rule:212 - rule ADC Scan  fix with FW F7 is applicable
2021-05-06 11:22:58,825 [INFO] Rule:212 - rule Add RTC Activate Clock Source is applicable
2021-05-06 11:22:58,825 [INFO] Rule:212 - rule Add RTC Activate Calendar 1 is applicable
2021-05-06 11:22:58,825 [INFO] Rule:212 - rule Add RTC Activate Calendar 2 is applicable
2021-05-06 11:22:58,825 [INFO] Rule:212 - rule Add RTC Activate Calendar 3 is applicable
2021-05-06 11:22:58,825 [INFO] Rule:212 - rule UART/USART TX Mode is applicable
2021-05-06 11:22:58,825 [INFO] Rule:212 - rule UART/USART RX Mode is applicable
2021-05-06 11:22:58,825 [INFO] Rule:212 - rule UART/USART RX TX Mode is applicable
2021-05-06 11:22:58,826 [INFO] Rule:212 - rule UART/USART PARITY NONE is applicable
2021-05-06 11:22:58,826 [INFO] Rule:212 - rule UART/USART PARITY EVEN is applicable
2021-05-06 11:22:58,826 [INFO] Rule:212 - rule UART/USART PARITY ODD is applicable
2021-05-06 11:22:58,826 [INFO] Rule:212 - rule USART StopBits 1 is applicable
2021-05-06 11:22:58,826 [INFO] Rule:212 - rule USART StopBits 2 is applicable
2021-05-06 11:22:58,826 [INFO] Rule:212 - rule USART StopBits 1.5 is applicable
2021-05-06 11:22:58,826 [INFO] Rule:212 - rule USART StopBits 0.5 is applicable
2021-05-06 11:22:58,826 [INFO] Rule:212 - rule UART/USART WORD LENGTH 7 is applicable
2021-05-06 11:22:58,826 [INFO] Rule:212 - rule UART/USART WORD LENGTH 8 is applicable
2021-05-06 11:22:58,826 [INFO] Rule:212 - rule UART/USART WORD LENGTH 9 is applicable
2021-05-06 11:22:58,827 [INFO] Rule:212 - rule Rename FMC NAND NCE signal is applicable
2021-05-06 11:22:58,827 [INFO] Rule:212 - rule Rename FMC NAND INT signal is applicable
2021-05-06 11:22:58,827 [INFO] Rule:212 - rule Change Default Value for ADC ExternalTrigConv L4 family is applicable
2021-05-06 11:22:58,827 [INFO] Rule:212 - rule Change Default Value for ADC ExternalTrigInjecConv L4 family is applicable
2021-05-06 11:22:58,827 [INFO] Rule:212 - rule Change Default Value for ADC ExternalTrigConv F3 family is applicable
2021-05-06 11:22:58,827 [INFO] Rule:212 - rule Change Default Value for ADC ExternalTrigInjecConv F3 family is applicable
2021-05-06 11:22:58,827 [INFO] Rule:212 - rule Change Default Value for ADC ExternalTrigConv Goldfish serie is applicable
2021-05-06 11:22:58,828 [INFO] Rule:212 - rule Change Default Value for ADC ExternalTrigInjecConv Goldfish serie is applicable
2021-05-06 11:22:58,828 [INFO] Rule:212 - rule Change Default Value for ADC ExternalTrigConv L0 family is applicable
2021-05-06 11:22:58,828 [INFO] Rule:212 - rule Change Default Value for ADC ExternalTrigConv F0 family is applicable
2021-05-06 11:22:58,828 [INFO] Rule:212 - rule Change Default Value for ADC ExternalTrigConvn L1 family is applicable
2021-05-06 11:22:58,829 [INFO] Rule:212 - rule Change Default Value for ADC ExternalTrigInjecConv L1 family is applicable
2021-05-06 11:22:58,829 [INFO] Rule:212 - rule Change Default Value for ADC ExternalTrigConv F1 family is applicable
2021-05-06 11:22:58,829 [INFO] Rule:212 - rule Change Default Value for ADC ExternalTrigInjecConv F1 family is applicable
2021-05-06 11:22:58,829 [INFO] Rule:212 - rule Change Default Value for ADC ExternalTrigConv F7 family is applicable
2021-05-06 11:22:58,829 [INFO] Rule:212 - rule Change Default Value for ADC ExternalTrigInjecConv F7 family is applicable
2021-05-06 11:22:58,829 [INFO] Rule:212 - rule Change Default Value for ADC ExternalTrigConv F4 and F2 family is applicable
2021-05-06 11:22:58,829 [INFO] Rule:212 - rule Change Default Value for ADC ExternalTrigInjecConv F4 and F2 family is applicable
2021-05-06 11:22:58,829 [INFO] Rule:212 - rule ADC SamplingTime fix with FW L0  is applicable
2021-05-06 11:22:58,829 [INFO] Rule:212 - rule ADC SamplingTime fix with FW L0  is applicable
2021-05-06 11:22:58,830 [INFO] Rule:212 - rule ADC SamplingTime fix with FW L0 is applicable
2021-05-06 11:22:58,830 [INFO] Rule:212 - rule ADC SamplingTime fix with FW L0 is applicable
2021-05-06 11:22:58,830 [INFO] Rule:212 - rule ADC SamplingTime fix with FW L0  is applicable
2021-05-06 11:22:58,830 [INFO] Rule:212 - rule ADC SamplingTime fix with FW L0 is applicable
2021-05-06 11:22:58,830 [INFO] Rule:212 - rule Rename USB_OE Signal is applicable
2021-05-06 11:22:58,830 [INFO] Rule:212 - rule Rename Activate_OE Mode is applicable
2021-05-06 11:22:58,830 [INFO] Rule:212 - rule Rename DIE462/DIE415 pin PC14/OSC32_IN -> PC14-OSC32_IN (PC14) is applicable
2021-05-06 11:22:58,830 [INFO] Rule:212 - rule Rename DIE462/DIE415 pin PC15/OSC32_OUT -> PC15-OSC32_OUT (PC15) is applicable
2021-05-06 11:22:58,831 [INFO] Rule:212 - rule Rename DIE462/DIE415 pin PH0/OSC_IN -> PH0-OSC_IN (PH0) is applicable
2021-05-06 11:22:58,831 [INFO] Rule:212 - rule Rename DIE462/DIE415 pin PH1/OSC_OUT -> PH1-OSC_OUT (PH1) is applicable
2021-05-06 11:22:58,832 [INFO] Rule:212 - rule Rename DIE462 pin PA13 -> PA13 (JTMS/SWDIO) is applicable
2021-05-06 11:22:58,832 [INFO] Rule:212 - rule Rename DIE415 pin PA13 -> PA13 (JTMS/SWDIO) is applicable
2021-05-06 11:22:58,832 [INFO] Rule:212 - rule Rename DIE462 pin PA14 -> PA14 (JTCK/SWCLK) is applicable
2021-05-06 11:22:58,832 [INFO] Rule:212 - rule Rename DIE415 pin PA14 -> PA14 (JTCK/SWCLK) is applicable
2021-05-06 11:22:58,832 [INFO] Rule:212 - rule Rename DIE462/DIE415 pin PA15 -> PA15 (JTDI) is applicable
2021-05-06 11:22:58,832 [INFO] Rule:212 - rule Rename DIE462 pin PB3 -> PB3 (JTD0/TRACESWO) is applicable
2021-05-06 11:22:58,832 [INFO] Rule:212 - rule Rename DIE415 pin PB3 -> PB3 (JTD0-TRACESWO) is applicable
2021-05-06 11:22:58,832 [INFO] Rule:212 - rule Rename DIE462/DIE415 pin PB4 -> PB4 (NJTRST) is applicable
2021-05-06 11:22:58,832 [INFO] Rule:212 - rule Rename DIE462 pin PH3/BOOT0 -> PH3-BOOT0 (BOOT0) is applicable
2021-05-06 11:22:58,833 [INFO] Rule:212 - rule Rename CRYP DataEncryptionTypesList to Algorithm is applicable
2021-05-06 11:22:58,833 [INFO] Rule:212 - rule Rename AES DataEncryptionTypesList to Algorithm is applicable
2021-05-06 11:22:58,833 [INFO] Rule:212 - rule Rename TDESECB to CRYP_TDES_ECB is applicable
2021-05-06 11:22:58,833 [INFO] Rule:212 - rule Rename TDESCBC to CRYP_TDES_CBC is applicable
2021-05-06 11:22:58,833 [INFO] Rule:212 - rule Rename DESECB to CRYP_DES_ECB is applicable
2021-05-06 11:22:58,833 [INFO] Rule:212 - rule Rename DESCBC to CRYP_DES_CBC is applicable
2021-05-06 11:22:58,833 [INFO] Rule:212 - rule Rename AESECB to CRYP_AES_ECB is applicable
2021-05-06 11:22:58,833 [INFO] Rule:212 - rule Rename AESCBC to CRYP_AES_CBC is applicable
2021-05-06 11:22:58,834 [INFO] Rule:212 - rule Rename AESCTR to CRYP_AES_CTR is applicable
2021-05-06 11:22:58,834 [INFO] Rule:212 - rule Rename AESGCM to CRYP_AES_GCM is applicable
2021-05-06 11:22:58,834 [INFO] Rule:212 - rule Rename AESCCM to CRYP_AES_CCM is applicable
2021-05-06 11:22:58,834 [INFO] Rule:212 - rule Rename CAN TimeSeg1 to BS1 is applicable
2021-05-06 11:22:58,834 [INFO] Rule:212 - rule Rename CAN TimeSeg2 to BS2 is applicable
2021-05-06 11:22:58,835 [INFO] Rule:212 - rule Rename CAN SyncJumpWidth to SJW is applicable
2021-05-06 11:22:58,835 [INFO] Rule:212 - rule TimeTriggeredMode to TTCM is applicable
2021-05-06 11:22:58,835 [INFO] Rule:212 - rule Rename CAN AutoBusOff to ABOM is applicable
2021-05-06 11:22:58,835 [INFO] Rule:212 - rule Rename CAN AutoWakeUp to AWUM is applicable
2021-05-06 11:22:58,835 [INFO] Rule:212 - rule Rename CAN AutoRetransmission to NART is applicable
2021-05-06 11:22:58,835 [INFO] Rule:212 - rule Rename CAN ReceiveFifoLocked to RFLM is applicable
2021-05-06 11:22:58,835 [INFO] Rule:212 - rule Rename CAN TransmitFifoPriority to TXFP is applicable
2021-05-06 11:22:58,835 [INFO] Rule:212 - rule Rename HRTIMER HRTIM_OUTPUTFAULTLEVEL_HIGH in HRTIMER HRTIM_OUTPUTFAULTLEVEL_HIGHZ is applicable
2021-05-06 11:22:58,835 [INFO] Rule:212 - rule Rename TIMER TIM_CLEARINPUTSOURCE_OCREFCLR in  TIMER TIM_CLEARINPUTSOURCE_NONE for F7 family is applicable
2021-05-06 11:22:58,836 [INFO] Rule:212 - rule FDCAN_R1 - Rename FDCAN mode Master into Classic is applicable
2021-05-06 11:22:58,836 [INFO] Rule:212 - rule FDCAN_R2 - Rename FDCAN mode Slave into Classic is applicable
2021-05-06 11:22:58,836 [INFO] Rule:212 - rule FDCAN1_R3 - if PA10.Mode=FullDuplex, add Pin PA12 is applicable
2021-05-06 11:22:58,836 [INFO] Rule:212 - rule FDCAN1_R3 - if PA9.Mode=FullDuplex, add Pin PA11 is applicable
2021-05-06 11:22:58,836 [INFO] Rule:212 - rule FDCAN1_R3 - Alternatepin_1 - if PE1.Mode=FullDuplex, add Pin PB9 is applicable
2021-05-06 11:22:58,837 [INFO] Rule:212 - rule FDCAN1_R3 - Alternatepin_1 - if PE0.Mode=FullDuplex, add Pin PB8 is applicable
2021-05-06 11:22:58,837 [INFO] Rule:212 - rule FDCAN1_R3 - Alternatepin_2 - if PD5.Mode=FullDuplex, add Pin PD1 is applicable
2021-05-06 11:22:58,837 [INFO] Rule:212 - rule FDCAN1_R3 - Alternatepin_2 - if PD4.Mode=FullDuplex, add Pin PD0 is applicable
2021-05-06 11:22:58,837 [INFO] Rule:212 - rule FDCAN1_R4 - Rename Mode FullDuplex into Enable FDCAN_TXFD for pin PA10 is applicable
2021-05-06 11:22:58,837 [INFO] Rule:212 - rule FDCAN1_R4 - Rename Mode FullDuplex into Enable FDCAN_TXFD for pin PA9 is applicable
2021-05-06 11:22:58,837 [INFO] Rule:212 - rule FDCAN1_R4 - Alternatepin_1 - Rename Mode FullDuplex into Enable FDCAN_TXFD for pin PE1 is applicable
2021-05-06 11:22:58,837 [INFO] Rule:212 - rule FDCAN1_R4 - Alternatepin_1 - Rename Mode FullDuplex into Enable FDCAN_TXFD for pin PE0 is applicable
2021-05-06 11:22:58,839 [INFO] Rule:212 - rule FDCAN1_R4 - Alternatepin_2 - Rename Mode FullDuplex into Enable FDCAN_TXFD for pin PD5 is applicable
2021-05-06 11:22:58,839 [INFO] Rule:212 - rule FDCAN1_R4 - Alternatepin_2 - Rename Mode FullDuplex into Enable FDCAN_TXFD for pin PD4 is applicable
2021-05-06 11:22:58,839 [INFO] Rule:212 - rule FDCAN2_R3 - if PD10.Mode=FullDuplex, add Pin PB13 is applicable
2021-05-06 11:22:58,839 [INFO] Rule:212 - rule FDCAN2_R3 - if PD9.Mode=FullDuplex, add Pin PB12 is applicable
2021-05-06 11:22:58,839 [INFO] Rule:212 - rule FDCAN2_R3 - Alternatepin_1 - if PB7.Mode=FullDuplex, add Pin PB6 is applicable
2021-05-06 11:22:58,839 [INFO] Rule:212 - rule FDCAN2_R3 - Alternatepin_1 - if PD9.Mode=FullDuplex, add Pin PB12 is applicable
2021-05-06 11:22:58,839 [INFO] Rule:212 - rule FDCAN2_R4 - Rename Mode FullDuplex into Enable FDCAN_TXFD for pin PD10 is applicable
2021-05-06 11:22:58,839 [INFO] Rule:212 - rule FDCAN2_R4 - Rename Mode FullDuplex into Enable FDCAN_TXFD for pin PD9 is applicable
2021-05-06 11:22:58,839 [INFO] Rule:212 - rule FDCAN2_R4 - Alternatepin_1 - Rename Mode FullDuplex into Enable FDCAN_TXFD for pin PB7 is applicable
2021-05-06 11:22:58,839 [INFO] Rule:212 - rule FDCAN2_R4 - Alternatepin_1 - Rename Mode FullDuplex into Enable FDCAN_TXFD for pin PD6 is applicable
2021-05-06 11:22:58,839 [INFO] Rule:212 - rule USART TxPinLevelInvertParam Mode is applicable
2021-05-06 11:22:58,840 [INFO] Rule:212 - rule USART RxPinLevelInvertParam Mode is applicable
2021-05-06 11:22:58,840 [INFO] Rule:212 - rule USART DataInvertParam Mode is applicable
2021-05-06 11:22:58,840 [INFO] Rule:212 - rule USART SwapParam Mode is applicable
2021-05-06 11:22:58,840 [INFO] Rule:212 - rule USART OverrunDisableParam Mode is applicable
2021-05-06 11:22:58,840 [INFO] Rule:212 - rule USART DMADisableonRxErrorParam Mode is applicable
2021-05-06 11:22:58,840 [INFO] Rule:212 - rule USART MSBFirstParam Mode is applicable
2021-05-06 11:22:58,840 [INFO] Rule:212 - rule Update MwName for USB_DEVICE is applicable
2021-05-06 11:22:58,840 [INFO] Rule:212 - rule Change PWR_Regulator_Voltage_Scale Default Value for RCC  H7 family is applicable
2021-05-06 11:22:58,840 [INFO] Rule:212 - rule UART/USART IPParameter rename Prescaler parameter to ClockPrescaler is applicable
2021-05-06 11:22:58,840 [INFO] Rule:212 - rule UART/USART Prescaler rename Prescaler parameter to ClockPrescaler is applicable
2021-05-06 11:22:58,840 [INFO] Rule:212 - rule TIM1CLockSelection is applicable
2021-05-06 11:22:58,840 [INFO] Rule:212 - rule TIM15CLockSelection is applicable
2021-05-06 11:22:58,840 [INFO] Rule:212 - rule align RCC SDMMC3CLockSelection default value on MP1 is applicable
2021-05-06 11:22:58,841 [INFO] Rule:212 - rule align RCC SDMMC12CLockSelection default value on MP1 is applicable
2021-05-06 11:22:58,841 [INFO] Rule:212 - rule align RCC QSPICLockSelection default value on MP1 is applicable
2021-05-06 11:22:58,841 [INFO] Rule:212 - rule align RCC QSPICLockSelection default value on MP1 is applicable
2021-05-06 11:22:58,841 [INFO] Rule:212 - rule align RCC SPI6CLockSelection default value on MP1 is applicable
2021-05-06 11:22:58,841 [INFO] Rule:212 - rule align RCC LPTIM23CLockSelection default value on MP1 is applicable
2021-05-06 11:22:58,841 [INFO] Rule:212 - rule align RCC LPTIM1CLockSelection default value on MP1 is applicable
2021-05-06 11:22:58,841 [INFO] Rule:212 - rule align RCC USART1CLockSelection default value on MP1 is applicable
2021-05-06 11:22:58,841 [INFO] Rule:212 - rule align RCC USART24CLockSelection default value on MP1 is applicable
2021-05-06 11:22:58,841 [INFO] Rule:212 - rule align RCC USART6CLockSelection default value on MP1 is applicable
2021-05-06 11:22:58,841 [INFO] Rule:212 - rule align RCC UART78CLockSelection default value on MP1 is applicable
2021-05-06 11:22:58,841 [INFO] Rule:212 - rule align RCC USART35CLockSelection default value on MP1 is applicable
2021-05-06 11:22:58,841 [INFO] Rule:212 - rule align RCC SPI45CLockSelection default value on MP1 is applicable
2021-05-06 11:22:58,841 [INFO] Rule:212 - rule align RCC I2C46CLockSelection BCLK value on MP1 is applicable
2021-05-06 11:22:58,842 [INFO] Rule:212 - rule align RCC SPI45CLockSelection default value on MP1 is applicable
2021-05-06 11:22:58,842 [INFO] Rule:212 - rule align RCC I2C12CLockSelection default value on MP1 is applicable
2021-05-06 11:22:58,842 [INFO] Rule:212 - rule align RCC I2C35CLockSelection default value on MP1 is applicable
2021-05-06 11:22:58,842 [INFO] Rule:212 - rule align RCC LPTIM45CLockSelection default value on MP1 is applicable
2021-05-06 11:22:58,842 [INFO] Rule:212 - rule Rename DCMI PIXCK signal is applicable
2021-05-06 11:22:58,842 [INFO] Rule:212 - rule Change Default Value for I2C46CLockSelection MP1 family is applicable
2021-05-06 11:22:58,842 [INFO] Rule:212 - rule Change Default Value for UART for G4, G0 and WB families is applicable
2021-05-06 11:22:58,842 [INFO] Rule:212 - rule Change Default Value for USART for G4, G0 and WB families is applicable
2021-05-06 11:22:58,842 [INFO] Rule:212 - rule Change Default Value for USART for G4 family is applicable
2021-05-06 11:22:58,842 [INFO] Rule:212 - rule Change USART1CLockSelection refparam name for MP1 is applicable
2021-05-06 11:22:58,842 [INFO] Rule:212 - rule Change USART2CLockSelection refparam name for MP1 is applicable
2021-05-06 11:22:58,842 [INFO] Rule:212 - rule Change USART3CLockSelection refparam name for MP1 is applicable
2021-05-06 11:22:58,842 [INFO] Rule:212 - rule Change UART4CLockSelection refparam name for MP1 is applicable
2021-05-06 11:22:58,842 [INFO] Rule:212 - rule Change UART5CLockSelection refparam name for MP1 is applicable
2021-05-06 11:22:58,843 [INFO] Rule:212 - rule Change LPUART1CLockSelection refparam name for MP1 is applicable
2021-05-06 11:22:58,843 [INFO] Rule:212 - rule Change LPTIM1CLockSelection refparam name for MP1 is applicable
2021-05-06 11:22:58,843 [INFO] Rule:212 - rule Change LPTIM2CLockSelection refparam name for MP1 is applicable
2021-05-06 11:22:58,843 [INFO] Rule:212 - rule Change RCC_MCO1Source refparam name for MP1 is applicable
2021-05-06 11:22:58,843 [INFO] Rule:212 - rule Change LSCOSource1 refparam name for MP1 is applicable
2021-05-06 11:22:58,843 [INFO] Rule:212 - rule Change SMPSCLockSelection refparam name for MP1 is applicable
2021-05-06 11:22:58,843 [INFO] Rule:212 - rule Change LPTIM3CLockSelection refparam name for MP1 is applicable
2021-05-06 11:22:58,843 [INFO] Rule:212 - rule Change MPCBB* Default Template Mode to Parameters is applicable
2021-05-06 11:22:58,843 [INFO] Rule:212 - rule Change MPCWM* or MPCBB* Secure Mode to Parameters is applicable
2021-05-06 11:22:58,843 [INFO] Rule:212 - rule Change MPCWM* or MPCBB* No Secure Mode to Parameters is applicable
2021-05-06 11:22:58,843 [INFO] Rule:212 - rule Change TZSC IP Secure Mode to Parameters is applicable
2021-05-06 11:22:58,843 [INFO] Rule:212 - rule Change TZSC IP No Secure Mode to Parameters is applicable
2021-05-06 11:22:58,843 [INFO] Rule:212 - rule Change TZSC IP Privilege Mode to Parameters is applicable
2021-05-06 11:22:58,843 [INFO] Rule:212 - rule Change TZSC IP No Privilege Mode to Parameters is applicable
2021-05-06 11:22:58,844 [INFO] Rule:212 - rule Change TZIC IT Secure Mode to Parameters is applicable
2021-05-06 11:22:58,844 [INFO] Rule:212 - rule Change TZIC IT No Secure Mode to Parameters is applicable
2021-05-06 11:22:58,844 [INFO] Rule:212 - rule Add MPCBB1_NonSecureArea_Start_Address value with referenced to MPCBB1_NonSecureArea_Start value is applicable
2021-05-06 11:22:58,844 [INFO] Rule:212 - rule Add MPCBB2_NonSecureArea_Start_Address value with referenced to MPCBB2_NonSecureArea_Start value is applicable
2021-05-06 11:22:58,844 [INFO] Rule:212 - rule Add MPCWM1_NonSecureArea*_Start_Address value with referenced to MPCWM1_NonSecureArea*_Start value is applicable
2021-05-06 11:22:58,844 [INFO] Rule:212 - rule Add MPCWM2_NonSecureArea*_Start_Address value with referenced to MPCWM2_NonSecureArea*_Start value is applicable
2021-05-06 11:22:58,844 [INFO] Rule:212 - rule Add MPCWM3_NonSecureArea_Start_Address value with referenced to MPCWM3_NonSecureArea_Start value is applicable
2021-05-06 11:22:58,844 [INFO] Rule:212 - rule Change Default Value for PLL1UserDefinedConfig is applicable
2021-05-06 11:22:58,844 [INFO] Rule:212 - rule Change GPIO_PuPd Default Value for USART in async mode is applicable
2021-05-06 11:22:58,844 [INFO] Rule:212 - rule Change SMPSDivider Default Value is applicable
2021-05-06 11:22:58,844 [INFO] Rule:212 - rule OPAMP is applicable
2021-05-06 11:22:58,844 [INFO] Rule:212 - rule LPUART IPParameter rename Prescaler parameter to ClockPrescaler for STM32H7 is applicable
2021-05-06 11:22:58,844 [INFO] Rule:212 - rule LPUART IPParameter rename Prescaler parameter to ClockPrescaler for STM32H7 is applicable
2021-05-06 11:22:58,844 [INFO] Rule:212 - rule LPUART IPParameter rename Prescaler parameter to ClockPrescaler for STM32WB is applicable
2021-05-06 11:22:58,845 [INFO] Rule:212 - rule LPUART IPParameter rename Prescaler parameter to ClockPrescaler for STM32WB is applicable
2021-05-06 11:22:58,845 [INFO] Rule:212 - rule LPUART IPParameter rename Prescaler parameter to ClockPrescaler for STM32G4 is applicable
2021-05-06 11:22:58,845 [INFO] Rule:212 - rule LPUART IPParameter rename Prescaler parameter to ClockPrescaler for STM32G4 is applicable
2021-05-06 11:22:58,845 [INFO] Rule:212 - rule LPUART IPParameter rename Prescaler parameter to ClockPrescaler for STM32L5 is applicable
2021-05-06 11:22:58,845 [INFO] Rule:212 - rule LPUART IPParameter rename Prescaler parameter to ClockPrescaler for STM32G4 is applicable
2021-05-06 11:22:58,845 [INFO] Rule:212 - rule LPUART IPParameter rename Prescaler parameter to ClockPrescaler for STM32G4 is applicable
2021-05-06 11:22:58,845 [INFO] Rule:212 - rule USB device lib V2.5.3 for L0 rename USBD_SUPPORT_USER_STRING parameter to USBD_SUPPORT_USER_STRING_DESC4 is applicable
2021-05-06 11:22:58,845 [INFO] Rule:212 - rule I2SCLockSelection clock entry align is applicable
2021-05-06 11:22:58,845 [INFO] Rule:212 - rule Assign TIMx context if used as SYS timebase is applicable
2021-05-06 11:22:58,881 [INFO] DbConfProperties:294 - Apply Compatibility (46/193 Rules)
2021-05-06 11:22:58,905 [INFO] ImportTextPane:162 - (OptionalMessage_ERROR) Unable to find key (Mcu.ThirdPartyNb) in loaded IOC file
2021-05-06 11:22:58,980 [WARN] ApiManager:294 - Cannot register API 'Board Extension:S2868A1' from pack STMicroelectronics.X-CUBE-SFXS2LP1.3.0.0: no header file found
2021-05-06 11:22:58,980 [WARN] ApiManager:294 - Cannot register API 'Board Extension:S2868A2' from pack STMicroelectronics.X-CUBE-SFXS2LP1.3.0.0: no header file found
2021-05-06 11:22:58,980 [WARN] ApiManager:294 - Cannot register API 'Board Extension:S2915A1' from pack STMicroelectronics.X-CUBE-SFXS2LP1.3.0.0: no header file found
2021-05-06 11:22:58,985 [WARN] ApiManager:294 - Cannot register API 'Board Extension:S2868A1' from pack STMicroelectronics.X-CUBE-SUBG2.3.0.1: no header file found
2021-05-06 11:22:58,986 [WARN] ApiManager:294 - Cannot register API 'Board Extension:S2868A2' from pack STMicroelectronics.X-CUBE-SUBG2.3.0.1: no header file found
2021-05-06 11:22:58,986 [WARN] ApiManager:294 - Cannot register API 'Board Extension:S2915A1' from pack STMicroelectronics.X-CUBE-SUBG2.3.0.1: no header file found
2021-05-06 11:22:59,003 [WARN] ModelIntegratedComponent:51 - No mode defined for component null
2021-05-06 11:22:59,004 [WARN] ModelIntegratedComponent:51 - No mode defined for component null
2021-05-06 11:22:59,004 [WARN] ModelIntegratedComponent:51 - No mode defined for component null
2021-05-06 11:22:59,004 [WARN] ModelIntegratedComponent:51 - No mode defined for component null
2021-05-06 11:22:59,004 [WARN] ModelIntegratedComponent:51 - No mode defined for component null
2021-05-06 11:22:59,004 [WARN] ModelIntegratedComponent:51 - No mode defined for component null
2021-05-06 11:22:59,004 [WARN] ModelIntegratedComponent:51 - No mode defined for component null
2021-05-06 11:22:59,004 [WARN] ModelIntegratedComponent:51 - No mode defined for component null
2021-05-06 11:22:59,005 [WARN] ModelIntegratedComponent:51 - No mode defined for component null
2021-05-06 11:22:59,005 [WARN] ModelIntegratedComponent:51 - No mode defined for component null
2021-05-06 11:22:59,005 [WARN] ModelIntegratedComponent:51 - No mode defined for component null
2021-05-06 11:22:59,005 [WARN] ModelIntegratedComponent:51 - No mode defined for component null
2021-05-06 11:22:59,005 [WARN] ModelIntegratedComponent:51 - No mode defined for component null
2021-05-06 11:22:59,005 [WARN] ModelIntegratedComponent:51 - No mode defined for component null
2021-05-06 11:22:59,005 [WARN] ModelIntegratedComponent:51 - No mode defined for component null
2021-05-06 11:22:59,005 [WARN] ModelIntegratedComponent:51 - No mode defined for component null
2021-05-06 11:22:59,005 [WARN] ModelIntegratedComponent:51 - No mode defined for component null
2021-05-06 11:22:59,005 [WARN] ModelIntegratedComponent:51 - No mode defined for component null
2021-05-06 11:22:59,006 [WARN] ModelIntegratedComponent:51 - No mode defined for component null
2021-05-06 11:22:59,006 [WARN] ModelIntegratedComponent:51 - No mode defined for component null
2021-05-06 11:22:59,006 [WARN] ModelIntegratedComponent:51 - No mode defined for component null
2021-05-06 11:22:59,006 [WARN] ModelIntegratedComponent:51 - No mode defined for component null
2021-05-06 11:22:59,006 [WARN] ModelIntegratedComponent:51 - No mode defined for component null
2021-05-06 11:22:59,006 [WARN] ModelIntegratedComponent:51 - No mode defined for component null
2021-05-06 11:22:59,006 [WARN] ModelIntegratedComponent:51 - No mode defined for component null
2021-05-06 11:22:59,006 [WARN] ModelIntegratedComponent:51 - No mode defined for component null
2021-05-06 11:22:59,006 [WARN] ModelIntegratedComponent:51 - No mode defined for component null
2021-05-06 11:22:59,006 [WARN] ModelIntegratedComponent:51 - No mode defined for component null
2021-05-06 11:22:59,006 [WARN] ModelIntegratedComponent:51 - No mode defined for component null
2021-05-06 11:22:59,007 [WARN] ModelIntegratedComponent:51 - No mode defined for component null
2021-05-06 11:22:59,007 [WARN] ModelIntegratedComponent:51 - No mode defined for component null
2021-05-06 11:22:59,007 [WARN] ModelIntegratedComponent:51 - No mode defined for component null
2021-05-06 11:22:59,007 [WARN] ModelIntegratedComponent:51 - No mode defined for component null
2021-05-06 11:22:59,007 [WARN] ModelIntegratedComponent:51 - No mode defined for component null
2021-05-06 11:22:59,007 [WARN] ModelIntegratedComponent:51 - No mode defined for component null
2021-05-06 11:22:59,007 [WARN] ModelIntegratedComponent:51 - No mode defined for component null
2021-05-06 11:22:59,007 [WARN] ModelIntegratedComponent:51 - No mode defined for component null
2021-05-06 11:22:59,007 [WARN] ModelIntegratedComponent:51 - No mode defined for component null
2021-05-06 11:22:59,011 [WARN] ApiManager:294 - Cannot register API 'Board Extension:S2868A1' from pack STMicroelectronics.X-CUBE-SFXS2LP1.2.0.0: no header file found
2021-05-06 11:22:59,011 [WARN] ApiManager:294 - Cannot register API 'Board Extension:S2868A2' from pack STMicroelectronics.X-CUBE-SFXS2LP1.2.0.0: no header file found
2021-05-06 11:22:59,011 [WARN] ApiManager:294 - Cannot register API 'Board Extension:S2915A1' from pack STMicroelectronics.X-CUBE-SFXS2LP1.2.0.0: no header file found
2021-05-06 11:22:59,014 [WARN] ApiManager:294 - Cannot register API 'Board Extension:S2868A1' from pack STMicroelectronics.X-CUBE-SUBG2.4.0.0: no header file found
2021-05-06 11:22:59,014 [WARN] ApiManager:294 - Cannot register API 'Board Extension:S2868A2' from pack STMicroelectronics.X-CUBE-SUBG2.4.0.0: no header file found
2021-05-06 11:22:59,015 [WARN] ApiManager:294 - Cannot register API 'Board Extension:S2915A1' from pack STMicroelectronics.X-CUBE-SUBG2.4.0.0: no header file found
2021-05-06 11:22:59,168 [WARN] ApiManager:294 - Cannot register API 'Board Extension:IKS01A3' from pack STMicroelectronics.X-CUBE-MEMS1.8.2.0: no header file found
2021-05-06 11:22:59,169 [WARN] ApiManager:294 - Cannot register API 'Board Extension:IKS01A2' from pack STMicroelectronics.X-CUBE-MEMS1.8.2.0: no header file found
2021-05-06 11:22:59,169 [WARN] ApiManager:294 - Cannot register API 'Board Extension:IKS02A1' from pack STMicroelectronics.X-CUBE-MEMS1.8.2.0: no header file found
2021-05-06 11:22:59,176 [WARN] ApiManager:294 - Cannot register API 'Board Extension:EEPRMA1' from pack STMicroelectronics.X-CUBE-EEPRMA1.3.0.0: no header file found
2021-05-06 11:22:59,176 [WARN] ApiManager:294 - Cannot register API 'Board Extension:EEPRMA2' from pack STMicroelectronics.X-CUBE-EEPRMA1.3.0.0: no header file found
2021-05-06 11:22:59,219 [WARN] ApiManager:294 - Cannot register API 'Board Extension:IKS01A3' from pack STMicroelectronics.X-CUBE-MEMS1.8.3.0: no header file found
2021-05-06 11:22:59,219 [WARN] ApiManager:294 - Cannot register API 'Board Extension:IKS01A2' from pack STMicroelectronics.X-CUBE-MEMS1.8.3.0: no header file found
2021-05-06 11:22:59,219 [WARN] ApiManager:294 - Cannot register API 'Board Extension:IKS02A1' from pack STMicroelectronics.X-CUBE-MEMS1.8.3.0: no header file found
2021-05-06 11:22:59,264 [INFO] RtosManager:464 - Registered RTOS mode: class=CMSIS, group=RTOS, mode=CMSIS_V1, owner=FREERTOS
2021-05-06 11:22:59,265 [INFO] RtosManager:464 - Registered RTOS mode: class=CMSIS, group=RTOS2, mode=CMSIS_V2, owner=FREERTOS
2021-05-06 11:22:59,265 [INFO] RtosManager:464 - Registered RTOS mode: class=RTOS, group=Core, mode=CMSIS_V1, owner=FREERTOS
2021-05-06 11:22:59,265 [INFO] RtosManager:464 - Registered RTOS mode: class=RTOS, group=Core, mode=CMSIS_V2, owner=FREERTOS
2021-05-06 11:22:59,265 [WARN] ModelIntegratedComponent:182 - Missing modes for component STMicroelectronics:FreeRTOS:0.0.1:STMicroelectronics:RTOS:FreeRTOS:Core:::10.2.0:
2021-05-06 11:22:59,267 [WARN] ApiManager:294 - Cannot register API 'Board Extension:GNSS1A1' from pack STMicroelectronics.X-CUBE-GNSS1.5.1.0: no header file found
2021-05-06 11:22:59,267 [WARN] ApiManager:294 - Cannot register API 'Board Support:Custom' from pack STMicroelectronics.X-CUBE-GNSS1.5.1.0: no header file found
2021-05-06 11:22:59,267 [WARN] ApiManager:294 - Cannot register API 'Data Exchange:lib_gnss' from pack STMicroelectronics.X-CUBE-GNSS1.5.1.0: no header file found
2021-05-06 11:22:59,268 [WARN] ApiManager:294 - Cannot register API 'Board Extension:GNSS1A1' from pack STMicroelectronics.X-CUBE-GNSS1.5.2.0: no header file found
2021-05-06 11:22:59,268 [WARN] ApiManager:294 - Cannot register API 'Board Support:Custom' from pack STMicroelectronics.X-CUBE-GNSS1.5.2.0: no header file found
2021-05-06 11:22:59,268 [WARN] ApiManager:294 - Cannot register API 'Data Exchange:lib_gnss' from pack STMicroelectronics.X-CUBE-GNSS1.5.2.0: no header file found
2021-05-06 11:22:59,269 [WARN] ApiManager:294 - Cannot register API 'Wireless:BlueNRG-MS' from pack STMicroelectronics.X-CUBE-BLE1.6.1.0: no header file found
2021-05-06 11:22:59,269 [WARN] ApiManager:294 - Cannot register API 'Wireless:BlueNRG-MS' from pack STMicroelectronics.X-CUBE-BLE1.6.2.0: no header file found
2021-05-06 11:22:59,270 [WARN] ApiManager:294 - Cannot register API 'Board Extension:NFC04A1' from pack STMicroelectronics.X-CUBE-NFC4.2.0.2: no header file found
2021-05-06 11:22:59,271 [WARN] ApiManager:294 - Cannot register API 'Board Extension:NFC04A1' from pack STMicroelectronics.X-CUBE-NFC4.2.0.1: no header file found
2021-05-06 11:22:59,272 [WARN] ApiManager:294 - Cannot register API 'Wireless:BlueNRG-2' from pack STMicroelectronics.X-CUBE-BLE2.3.1.0: no header file found
2021-05-06 11:22:59,273 [WARN] ApiManager:294 - Cannot register API 'Wireless:BlueNRG-2' from pack STMicroelectronics.X-CUBE-BLE2.3.2.0: no header file found
2021-05-06 11:22:59,608 [INFO] ImportTextPane:162 - (OptionalMessage_ERROR) IP (RCC) : Invalid parameter (48MHZClocksFreq_Value)
2021-05-06 11:22:59,609 [INFO] ImportTextPane:162 - (OptionalMessage_ERROR) IP (RCC) : Invalid parameter (EthernetFreq_Value)
2021-05-06 11:22:59,610 [INFO] ImportTextPane:162 - (OptionalMessage_ERROR) IP (RCC) : Parameter (FLatency) has Id (AdvancedSettings) currently not set
2021-05-06 11:22:59,610 [INFO] ImportTextPane:162 - (OptionalMessage_ERROR) IP (RCC) : Invalid parameter (FamilyName)
2021-05-06 11:22:59,611 [INFO] ImportTextPane:162 - (OptionalMessage_ERROR) IP (RCC) : Invalid parameter (I2SClocksFreq_Value)
2021-05-06 11:22:59,611 [INFO] ImportTextPane:162 - (OptionalMessage_ERROR) IP (RCC) : Parameter (SDIOFreq_Value) has invalid value (168000000)
2021-05-06 11:22:59,612 [INFO] ImportTextPane:162 - (OptionalMessage_ERROR) IP (RCC) : Parameter (USBFreq_Value) has invalid value (168000000)
2021-05-06 11:22:59,612 [INFO] ImportTextPane:162 - (OptionalMessage_ERROR) IP (RCC) : Invalid parameter (VCOInputMFreq_Value)
2021-05-06 11:22:59,612 [INFO] ImportTextPane:162 - (OptionalMessage_ERROR) IP (RCC) : Invalid parameter (VcooutputI2S)
2021-05-06 11:22:59,950 [INFO] UtilMem:74 - End LoadConfig() Used Memory: 355284576 Bytes (477102080)
2021-05-06 11:22:59,958 [WARN] ThirdParty:749 - waiting for thirdparty lock release [change project]
2021-05-06 11:22:59,958 [INFO] ThirdParty:751 - entering critical section [change project]
2021-05-06 11:22:59,958 [INFO] ThirdParty:939 - CMSIS Pack Vendor :RoweBots I-CUBE-UNISONRTOS 5.5.0-4
2021-05-06 11:22:59,959 [INFO] ThirdParty:939 - CMSIS Pack Vendor :STMicroelectronics X-CUBE-SFXS2LP1 3.0.0
2021-05-06 11:22:59,959 [INFO] ThirdParty:939 - CMSIS Pack Vendor :STMicroelectronics USB_HOST 2.0.0
2021-05-06 11:22:59,959 [INFO] ThirdParty:939 - CMSIS Pack Vendor :STMicroelectronics X-CUBE-SUBG2 3.0.1
2021-05-06 11:22:59,959 [INFO] ThirdParty:939 - CMSIS Pack Vendor :STMicroelectronics USB_DEVICE 3.0.0
2021-05-06 11:22:59,959 [INFO] ThirdParty:939 - CMSIS Pack Vendor :STMicroelectronics HAL Drivers 0.0.0
2021-05-06 11:22:59,959 [INFO] ThirdParty:939 - CMSIS Pack Vendor :STMicroelectronics MBEDTLS 2.16.2
2021-05-06 11:22:59,959 [INFO] ThirdParty:939 - CMSIS Pack Vendor :STMicroelectronics X-CUBE-SFXS2LP1 2.0.0
2021-05-06 11:22:59,959 [INFO] ThirdParty:939 - CMSIS Pack Vendor :STMicroelectronics MBEDTLS 2.14.1
2021-05-06 11:22:59,959 [INFO] ThirdParty:939 - CMSIS Pack Vendor :STMicroelectronics X-CUBE-SUBG2 4.0.0
2021-05-06 11:22:59,959 [INFO] ThirdParty:939 - CMSIS Pack Vendor :STMicroelectronics X-CUBE-TOF1 1.0.0
2021-05-06 11:22:59,959 [INFO] ThirdParty:939 - CMSIS Pack Vendor :STMicroelectronics X-CUBE-AZRTOS-H7 1.0.0
2021-05-06 11:22:59,959 [INFO] ThirdParty:939 - CMSIS Pack Vendor :STMicroelectronics USB_DEVICE 2.0.0
2021-05-06 11:22:59,959 [INFO] ThirdParty:939 - CMSIS Pack Vendor :STMicroelectronics X-CUBE-MEMS1 8.2.0
2021-05-06 11:22:59,959 [INFO] ThirdParty:939 - CMSIS Pack Vendor :STMicroelectronics X-CUBE-EEPRMA1 3.0.0
2021-05-06 11:22:59,959 [INFO] ThirdParty:939 - CMSIS Pack Vendor :STMicroelectronics X-CUBE-MEMS1 8.3.0
2021-05-06 11:22:59,960 [INFO] ThirdParty:939 - CMSIS Pack Vendor :STMicroelectronics X-CUBE-DISPLAY 1.0.0
2021-05-06 11:22:59,960 [INFO] ThirdParty:939 - CMSIS Pack Vendor :STMicroelectronics FreeRTOS 0.0.1
2021-05-06 11:22:59,960 [INFO] ThirdParty:939 - CMSIS Pack Vendor :STMicroelectronics USB_DEVICE 1.0.0
2021-05-06 11:22:59,960 [INFO] ThirdParty:939 - CMSIS Pack Vendor :STMicroelectronics X-CUBE-AI 6.0.0
2021-05-06 11:22:59,960 [INFO] ThirdParty:939 - CMSIS Pack Vendor :STMicroelectronics X-CUBE-ALGOBUILD 1.2.0
2021-05-06 11:22:59,960 [INFO] ThirdParty:939 - CMSIS Pack Vendor :STMicroelectronics X-CUBE-GNSS1 5.1.0
2021-05-06 11:22:59,960 [INFO] ThirdParty:939 - CMSIS Pack Vendor :STMicroelectronics X-CUBE-GNSS1 5.2.0
2021-05-06 11:22:59,960 [INFO] ThirdParty:939 - CMSIS Pack Vendor :STMicroelectronics X-CUBE-BLE1 6.1.0
2021-05-06 11:22:59,960 [INFO] ThirdParty:939 - CMSIS Pack Vendor :STMicroelectronics lwIP 2.0.3
2021-05-06 11:22:59,960 [INFO] ThirdParty:939 - CMSIS Pack Vendor :STMicroelectronics lwIP 2.1.2
2021-05-06 11:22:59,960 [INFO] ThirdParty:939 - CMSIS Pack Vendor :STMicroelectronics X-CUBE-BLE1 6.2.0
2021-05-06 11:22:59,960 [INFO] ThirdParty:939 - CMSIS Pack Vendor :STMicroelectronics USB_HOST 1.0.0
2021-05-06 11:22:59,960 [INFO] ThirdParty:939 - CMSIS Pack Vendor :STMicroelectronics X-CUBE-NFC4 2.0.2
2021-05-06 11:22:59,960 [INFO] ThirdParty:939 - CMSIS Pack Vendor :STMicroelectronics X-CUBE-NFC4 2.0.1
2021-05-06 11:22:59,960 [INFO] ThirdParty:939 - CMSIS Pack Vendor :wolfSSL I-CUBE-wolfSSL 4.7.0
2021-05-06 11:22:59,961 [INFO] ThirdParty:939 - CMSIS Pack Vendor :STMicroelectronics X-CUBE-TOUCHGFX 4.16.1
2021-05-06 11:22:59,961 [INFO] ThirdParty:939 - CMSIS Pack Vendor :STMicroelectronics X-CUBE-AI 5.2.0
2021-05-06 11:22:59,961 [INFO] ThirdParty:939 - CMSIS Pack Vendor :STMicroelectronics PDM2PCM 3.1.0
2021-05-06 11:22:59,961 [INFO] ThirdParty:939 - CMSIS Pack Vendor :STMicroelectronics X-CUBE-TOUCHGFX 4.16.0
2021-05-06 11:22:59,961 [INFO] ThirdParty:939 - CMSIS Pack Vendor :STMicroelectronics PDM2PCM 3.2.0
2021-05-06 11:22:59,961 [INFO] ThirdParty:939 - CMSIS Pack Vendor :STMicroelectronics X-CUBE-BLE2 3.1.0
2021-05-06 11:22:59,961 [INFO] ThirdParty:939 - CMSIS Pack Vendor :STMicroelectronics PDM2PCM 3.3.0
2021-05-06 11:22:59,961 [INFO] ThirdParty:939 - CMSIS Pack Vendor :STMicroelectronics X-CUBE-BLE2 3.2.0
2021-05-06 11:22:59,961 [INFO] ThirdParty:757 - exiting critical section [change project]
2021-05-06 11:23:00,251 [INFO] PinOutPanel:1434 - setPackage(No Configuration,No Configuration)
2021-05-06 11:23:00,252 [INFO] PinOutPanel:1434 - setPackage(STM32F446RETx,LQFP64)
2021-05-06 11:23:00,754 [INFO] UtilMem:74 - Before build in PCC Used Memory: 388335464 Bytes (477102080)
2021-05-06 11:23:01,184 [INFO] SharedServices:72 - Folder for power plug-in: C:/Users/Thomas/.stm32cubemx/plugins/power
2021-05-06 11:23:01,232 [INFO] SharedServices:72 - Folder for power plug-in: C:/Users/Thomas/.stm32cubemx/plugins/power
2021-05-06 11:23:01,272 [INFO] SharedServices:72 - Folder for power plug-in: C:/Users/Thomas/.stm32cubemx/plugins/power
2021-05-06 11:23:01,278 [INFO] SharedServices:72 - Folder for power plug-in: C:/Users/Thomas/.stm32cubemx/plugins/power
2021-05-06 11:23:01,425 [INFO] UtilMem:74 - After build in PCC Used Memory: 381880688 Bytes (477102080)
2021-05-06 11:23:01,447 [INFO] IPUIPlugin:64 - create IPUIPlugin
2021-05-06 11:23:01,448 [INFO] IPUIPlugin:64 - create IPUIPlugin
2021-05-06 11:23:01,448 [INFO] IPUIPlugin:64 - create IPUIPlugin
2021-05-06 11:23:01,448 [INFO] IPUIPlugin:64 - create IPUIPlugin
2021-05-06 11:23:01,448 [INFO] IPUIPlugin:64 - create IPUIPlugin
2021-05-06 11:23:01,448 [INFO] IPUIPlugin:64 - create IPUIPlugin
2021-05-06 11:23:01,449 [INFO] IPUIPlugin:64 - create IPUIPlugin
2021-05-06 11:23:01,449 [INFO] IPUIPlugin:64 - create IPUIPlugin
2021-05-06 11:23:01,449 [INFO] IPUIPlugin:64 - create IPUIPlugin
2021-05-06 11:23:01,449 [INFO] IPUIPlugin:64 - create IPUIPlugin
2021-05-06 11:23:01,449 [INFO] IPUIPlugin:64 - create IPUIPlugin
2021-05-06 11:23:01,449 [INFO] IPUIPlugin:64 - create IPUIPlugin
2021-05-06 11:23:01,450 [INFO] IPUIPlugin:64 - create IPUIPlugin
2021-05-06 11:23:01,450 [INFO] IPUIPlugin:64 - create IPUIPlugin
2021-05-06 11:23:01,450 [INFO] IPUIPlugin:64 - create IPUIPlugin
2021-05-06 11:23:01,450 [INFO] IPUIPlugin:64 - create IPUIPlugin
2021-05-06 11:23:01,450 [INFO] IPUIPlugin:64 - create IPUIPlugin
2021-05-06 11:23:01,451 [INFO] IPUIPlugin:64 - create IPUIPlugin
2021-05-06 11:23:01,451 [INFO] IPUIPlugin:64 - create IPUIPlugin
2021-05-06 11:23:01,451 [INFO] IPUIPlugin:64 - create IPUIPlugin
2021-05-06 11:23:01,451 [INFO] IPUIPlugin:64 - create IPUIPlugin
2021-05-06 11:23:01,452 [INFO] IPUIPlugin:64 - create IPUIPlugin
2021-05-06 11:23:01,452 [INFO] IPUIPlugin:64 - create IPUIPlugin
2021-05-06 11:23:01,453 [INFO] IPUIPlugin:64 - create IPUIPlugin
2021-05-06 11:23:01,453 [INFO] IPUIPlugin:64 - create IPUIPlugin
2021-05-06 11:23:01,453 [INFO] IPUIPlugin:64 - create IPUIPlugin
2021-05-06 11:23:01,454 [INFO] IPUIPlugin:64 - create IPUIPlugin
2021-05-06 11:23:01,454 [INFO] IPUIPlugin:64 - create IPUIPlugin
2021-05-06 11:23:01,454 [INFO] IPUIPlugin:64 - create IPUIPlugin
2021-05-06 11:23:01,455 [INFO] IPUIPlugin:64 - create IPUIPlugin
2021-05-06 11:23:01,455 [INFO] IPUIPlugin:64 - create IPUIPlugin
2021-05-06 11:23:01,456 [INFO] IPUIPlugin:64 - create IPUIPlugin
2021-05-06 11:23:01,456 [INFO] IPUIPlugin:64 - create IPUIPlugin
2021-05-06 11:23:01,456 [INFO] IPUIPlugin:64 - create IPUIPlugin
2021-05-06 11:23:01,457 [INFO] IPUIPlugin:64 - create IPUIPlugin
2021-05-06 11:23:01,457 [INFO] IPUIPlugin:64 - create IPUIPlugin
2021-05-06 11:23:01,458 [INFO] IPUIPlugin:64 - create IPUIPlugin
2021-05-06 11:23:01,458 [INFO] IPUIPlugin:64 - create IPUIPlugin
2021-05-06 11:23:01,459 [INFO] IPUIPlugin:64 - create IPUIPlugin
2021-05-06 11:23:01,459 [INFO] IPUIPlugin:64 - create IPUIPlugin
2021-05-06 11:23:01,460 [INFO] IPUIPlugin:64 - create IPUIPlugin
2021-05-06 11:23:01,460 [INFO] IPUIPlugin:64 - create IPUIPlugin
2021-05-06 11:23:01,461 [INFO] IPUIPlugin:64 - create IPUIPlugin
2021-05-06 11:23:01,461 [INFO] IPUIPlugin:64 - create IPUIPlugin
2021-05-06 11:23:01,462 [INFO] IPUIPlugin:64 - create IPUIPlugin
2021-05-06 11:23:01,462 [INFO] IPUIPlugin:64 - create IPUIPlugin
2021-05-06 11:23:01,463 [INFO] IPUIPlugin:64 - create IPUIPlugin
2021-05-06 11:23:01,463 [INFO] IPUIPlugin:64 - create IPUIPlugin
2021-05-06 11:23:01,464 [INFO] IPUIPlugin:64 - create IPUIPlugin
2021-05-06 11:23:01,465 [INFO] IPUIPlugin:64 - create IPUIPlugin
2021-05-06 11:23:01,465 [INFO] IPUIPlugin:64 - create IPUIPlugin
2021-05-06 11:23:01,466 [INFO] IPUIPlugin:64 - create IPUIPlugin
2021-05-06 11:23:01,467 [INFO] IPUIPlugin:64 - create IPUIPlugin
2021-05-06 11:23:01,468 [INFO] IPUIPlugin:64 - create IPUIPlugin
2021-05-06 11:23:01,468 [INFO] IPUIPlugin:64 - create IPUIPlugin
2021-05-06 11:23:01,469 [INFO] IPUIPlugin:64 - create IPUIPlugin
2021-05-06 11:23:01,470 [INFO] IPUIPlugin:64 - create IPUIPlugin
2021-05-06 11:23:01,472 [INFO] IPUIPlugin:64 - create IPUIPlugin
2021-05-06 11:23:01,473 [INFO] IPUIPlugin:64 - create IPUIPlugin
2021-05-06 11:23:01,474 [INFO] IPUIPlugin:64 - create IPUIPlugin
2021-05-06 11:23:01,545 [INFO] ApiDbMcu:456 - Load IP Config File for PDM2PCM
2021-05-06 11:23:01,598 [INFO] LogOutputStream:76 - [STDOUT_REDIRECT] toolchainItems.length=====1
2021-05-06 11:23:01,696 [INFO] OpenFileManager:294 - Restore cursor
2021-05-06 11:23:02,068 [INFO] UtilMem:74 - End SaveConfig() Used Memory: 372969816 Bytes (477102080)
2021-05-06 11:23:02,164 [INFO] UtilMem:74 - End SaveConfig() Used Memory: 382929248 Bytes (477102080)
2021-05-06 11:23:02,681 [INFO] BlockDiagram:2735 - set Specific Code input for plugin: SYS
2021-05-06 11:23:02,681 [INFO] BlockDiagram:2735 - set Specific Code input for plugin: RCC
2021-05-06 11:23:02,681 [INFO] BlockDiagram:2735 - set Specific Code input for plugin: NVIC
2021-05-06 11:23:02,681 [INFO] BlockDiagram:2735 - set Specific Code input for plugin: USART
2021-05-06 11:23:02,682 [INFO] BlockDiagram:2735 - set Specific Code input for plugin: GPIO
2021-05-06 11:23:02,683 [INFO] CodeGenerator:639 - code generatio: config db path: C:\ST\STM32CubeIDE_1.3.0\STM32CubeIDE\plugins\com.st.stm32cube.common.mx_6.1.1.202012091304\\db\
2021-05-06 11:23:03,239 [INFO] CodeEngine:229 - oldGeneratedFile, C:\Users\Thomas\SynologyDrive\Enseignement\2020-2021\Embedded_OS\Universal-HID-Translator\Translator_Host\MXTmpFiles\license.tmp_save
2021-05-06 11:23:03,661 [INFO] CodeEngine:247 - Generated code: C:\Users\Thomas\SynologyDrive\Enseignement\2020-2021\Embedded_OS\Universal-HID-Translator\Translator_Host\MXTmpFiles\license.tmp
2021-05-06 11:23:03,743 [INFO] CodeEngine:229 - oldGeneratedFile, C:\Users\Thomas\SynologyDrive\Enseignement\2020-2021\Embedded_OS\Universal-HID-Translator\Translator_Host\MXTmpFiles\gpio.tmp_save
2021-05-06 11:23:03,913 [INFO] CodeEngine:247 - Generated code: C:\Users\Thomas\SynologyDrive\Enseignement\2020-2021\Embedded_OS\Universal-HID-Translator\Translator_Host\MXTmpFiles\gpio.tmp
2021-05-06 11:23:04,016 [INFO] LogOutputStream:76 - [STDOUT_REDIRECT] Command line
2021-05-06 11:23:04,033 [INFO] CodeEngine:229 - oldGeneratedFile, C:\Users\Thomas\SynologyDrive\Enseignement\2020-2021\Embedded_OS\Universal-HID-Translator\Translator_Host\Core\Src\stm32f4xx_it.c_save
2021-05-06 11:23:04,160 [INFO] CodeEngine:247 - Generated code: C:\Users\Thomas\SynologyDrive\Enseignement\2020-2021\Embedded_OS\Universal-HID-Translator\Translator_Host\Core\Src\stm32f4xx_it.c
2021-05-06 11:23:04,169 [INFO] CodeEngine:229 - oldGeneratedFile, C:\Users\Thomas\SynologyDrive\Enseignement\2020-2021\Embedded_OS\Universal-HID-Translator\Translator_Host\Core\Inc\stm32f4xx_it.h_save
2021-05-06 11:23:04,281 [INFO] CodeEngine:247 - Generated code: C:\Users\Thomas\SynologyDrive\Enseignement\2020-2021\Embedded_OS\Universal-HID-Translator\Translator_Host\Core\Inc\stm32f4xx_it.h
2021-05-06 11:23:04,299 [INFO] CodeEngine:229 - oldGeneratedFile, C:\Users\Thomas\SynologyDrive\Enseignement\2020-2021\Embedded_OS\Universal-HID-Translator\Translator_Host\Core\Src\stm32f4xx_hal_msp.c_save
2021-05-06 11:23:04,463 [INFO] CodeEngine:247 - Generated code: C:\Users\Thomas\SynologyDrive\Enseignement\2020-2021\Embedded_OS\Universal-HID-Translator\Translator_Host\Core\Src\stm32f4xx_hal_msp.c
2021-05-06 11:23:04,472 [INFO] CodeEngine:229 - oldGeneratedFile, C:\Users\Thomas\SynologyDrive\Enseignement\2020-2021\Embedded_OS\Universal-HID-Translator\Translator_Host\MXTmpFiles\system.tmp_save
2021-05-06 11:23:04,534 [INFO] CodeEngine:247 - Generated code: C:\Users\Thomas\SynologyDrive\Enseignement\2020-2021\Embedded_OS\Universal-HID-Translator\Translator_Host\MXTmpFiles\system.tmp
2021-05-06 11:23:04,551 [INFO] CodeEngine:229 - oldGeneratedFile, C:\Users\Thomas\SynologyDrive\Enseignement\2020-2021\Embedded_OS\Universal-HID-Translator\Translator_Host\Core\Inc\stm32f4xx_hal_conf.h_save
2021-05-06 11:23:04,645 [INFO] CodeEngine:247 - Generated code: C:\Users\Thomas\SynologyDrive\Enseignement\2020-2021\Embedded_OS\Universal-HID-Translator\Translator_Host\Core\Inc\stm32f4xx_hal_conf.h
2021-05-06 11:23:04,718 [INFO] CodeEngine:229 - oldGeneratedFile, C:\Users\Thomas\SynologyDrive\Enseignement\2020-2021\Embedded_OS\Universal-HID-Translator\Translator_Host\Core\Inc\main.h_save
2021-05-06 11:23:04,802 [INFO] CodeEngine:247 - Generated code: C:\Users\Thomas\SynologyDrive\Enseignement\2020-2021\Embedded_OS\Universal-HID-Translator\Translator_Host\Core\Inc\main.h
2021-05-06 11:23:04,819 [INFO] CodeEngine:229 - oldGeneratedFile, C:\Users\Thomas\SynologyDrive\Enseignement\2020-2021\Embedded_OS\Universal-HID-Translator\Translator_Host\Core\Src\main.c_save
2021-05-06 11:23:04,976 [INFO] CodeEngine:247 - Generated code: C:\Users\Thomas\SynologyDrive\Enseignement\2020-2021\Embedded_OS\Universal-HID-Translator\Translator_Host\Core\Src\main.c
2021-05-06 11:23:06,094 [INFO] ProjectBuilder:2328 - Time for Copy HAL[1] : 550mS.
2021-05-06 11:23:06,102 [INFO] ProjectBuilder:3259 - Project Generator version: 3.11.2
2021-05-06 11:23:06,672 [INFO] ConfigFileManager:1238 - The Die is : DIE421
2021-05-06 11:23:06,696 [INFO] ApiDbMcu:456 - Load IP Config File for FATFS
2021-05-06 11:23:06,734 [INFO] ApiDbMcu:456 - Load IP Config File for FREERTOS
2021-05-06 11:23:06,746 [INFO] ApiDbMcu:456 - Load IP Config File for LIBJPEG
2021-05-06 11:23:06,809 [INFO] ApiDbMcu:456 - Load IP Config File for MBEDTLS
2021-05-06 11:23:06,859 [INFO] ApiDbMcu:456 - Load IP Config File for USB_DEVICE
2021-05-06 11:23:06,878 [INFO] ApiDbMcu:456 - Load IP Config File for USB_HOST
2021-05-06 11:23:13,055 [INFO] ProjectBuilder:3425 - Time for Generating toolchain IDE Files: 6953mS.
2021-05-06 11:23:13,055 [INFO] ProjectBuilder:2207 - Time for Copy CMSIS : 0mS.
2021-05-06 11:23:13,059 [INFO] ProjectBuilder:2207 - Time for Copy CMSIS : 1mS.
2021-05-06 11:23:13,860 [INFO] ApiDb:263 - Save user favorites file C:\Users\Thomas/.stm32cubeide/favorites.mcus.txt: 0 item(s)
2021-05-06 11:23:13,861 [INFO] ApiDb:267 - User favorites MCUs=[]
2021-05-06 11:23:13,864 [INFO] ApiDb:263 - Save user favorites file C:\Users\Thomas/.stm32cubeide/favorites.boards.txt: 0 item(s)
2021-05-06 11:23:13,864 [INFO] ApiDb:267 - User favorites Boards=[]
2021-05-06 11:23:22,630 [INFO] RtosManager:778 - Current active RTOS is FREERTOS [Cortex-M4NS]
2021-05-06 11:23:22,683 [ERROR] FreeRTOS:523 - Case being investigated as it may cause exception (when called to early by set config state
2021-05-06 11:23:22,714 [ERROR] FreeRTOS:523 - Case being investigated as it may cause exception (when called to early by set config state
2021-05-06 11:23:22,719 [ERROR] FreeRTOS:523 - Case being investigated as it may cause exception (when called to early by set config state
2021-05-06 11:23:22,872 [ERROR] RtosPanel:542 - Can not restore the selected Tab for FREERTOS(A reason can be that the tab is no more available.)
2021-05-06 11:23:22,992 [ERROR] RtosPanel:542 - Can not restore the selected Tab for FREERTOS(A reason can be that the tab is no more available.)
2021-05-06 11:23:23,045 [ERROR] RtosPanel:542 - Can not restore the selected Tab for FREERTOS(A reason can be that the tab is no more available.)
2021-05-06 11:23:34,801 [ERROR] RtosPanel:542 - Can not restore the selected Tab for FREERTOS(A reason can be that the tab is no more available.)
2021-05-06 11:23:53,726 [INFO] DbMcusDocs:145 - JSON generation date=Thu Nov 05 17:05:07 CET 2020 (1604592307)
2021-05-06 11:23:53,852 [INFO] DbMcusDocs:81 - Found 601 MCUs documents
2021-05-06 11:24:15,162 [INFO] UtilMem:74 - End SaveConfig() Used Memory: 468443304 Bytes (997195776)
2021-05-06 11:24:25,095 [ERROR] RtosPanel:542 - Can not restore the selected Tab for FREERTOS(A reason can be that the tab is no more available.)
2021-05-06 11:24:27,114 [INFO] TasksAndQueuesTab:731 - Dynamic
2021-05-06 11:24:27,114 [WARN] TasksAndQueuesTab:737 - 128 128
2021-05-06 11:24:27,114 [WARN] TasksAndQueuesTab:749 - max value is: 3840.0
2021-05-06 11:25:17,516 [INFO] EditThreadDialog:688 - RAM SIZE (in KB): 128
2021-05-06 11:25:17,516 [INFO] EditThreadDialog:690 - RAM SIZE (in words): 32768
2021-05-06 11:25:53,572 [INFO] TasksAndQueuesTab:731 - Dynamic
2021-05-06 11:25:53,572 [WARN] TasksAndQueuesTab:737 - 128 128
2021-05-06 11:25:53,572 [WARN] TasksAndQueuesTab:749 - max value is: 3840.0
2021-05-06 11:25:53,572 [INFO] TasksAndQueuesTab:731 - Dynamic
2021-05-06 11:25:53,572 [WARN] TasksAndQueuesTab:737 - 128 128
2021-05-06 11:25:53,572 [WARN] TasksAndQueuesTab:749 - max value is: 3840.0
2021-05-06 11:25:58,656 [INFO] EditThreadDialog:688 - RAM SIZE (in KB): 128
2021-05-06 11:25:58,656 [INFO] EditThreadDialog:690 - RAM SIZE (in words): 32768
2021-05-06 11:26:16,466 [INFO] TasksAndQueuesTab:731 - Dynamic
2021-05-06 11:26:16,467 [WARN] TasksAndQueuesTab:737 - 128 128
2021-05-06 11:26:16,467 [WARN] TasksAndQueuesTab:749 - max value is: 3840.0
2021-05-06 11:26:16,467 [INFO] TasksAndQueuesTab:731 - Dynamic
2021-05-06 11:26:16,467 [WARN] TasksAndQueuesTab:737 - 128 128
2021-05-06 11:26:16,467 [WARN] TasksAndQueuesTab:749 - max value is: 3840.0
2021-05-06 11:26:16,467 [INFO] TasksAndQueuesTab:731 - Dynamic
2021-05-06 11:26:16,467 [WARN] TasksAndQueuesTab:737 - 128 128
2021-05-06 11:26:16,468 [WARN] TasksAndQueuesTab:749 - max value is: 3840.0
2021-05-06 11:26:17,852 [INFO] EditThreadDialog:688 - RAM SIZE (in KB): 128
2021-05-06 11:26:17,852 [INFO] EditThreadDialog:690 - RAM SIZE (in words): 32768
2021-05-06 11:26:24,126 [INFO] EditThreadDialog:688 - RAM SIZE (in KB): 128
2021-05-06 11:26:24,126 [INFO] EditThreadDialog:690 - RAM SIZE (in words): 32768
2021-05-06 11:26:39,558 [INFO] TasksAndQueuesTab:731 - Dynamic
2021-05-06 11:26:39,558 [WARN] TasksAndQueuesTab:737 - 128 128
2021-05-06 11:26:39,559 [WARN] TasksAndQueuesTab:749 - max value is: 3840.0
2021-05-06 11:26:39,559 [INFO] TasksAndQueuesTab:731 - Dynamic
2021-05-06 11:26:39,559 [WARN] TasksAndQueuesTab:737 - 128 128
2021-05-06 11:26:39,559 [WARN] TasksAndQueuesTab:749 - max value is: 3840.0
2021-05-06 11:26:39,559 [INFO] TasksAndQueuesTab:731 - Dynamic
2021-05-06 11:26:39,559 [WARN] TasksAndQueuesTab:737 - 128 128
2021-05-06 11:26:39,559 [WARN] TasksAndQueuesTab:749 - max value is: 3840.0
2021-05-06 11:26:39,559 [INFO] TasksAndQueuesTab:731 - Dynamic
2021-05-06 11:26:39,559 [WARN] TasksAndQueuesTab:737 - 128 128
2021-05-06 11:26:39,559 [WARN] TasksAndQueuesTab:749 - max value is: 3840.0
2021-05-06 11:26:53,936 [INFO] EditThreadDialog:688 - RAM SIZE (in KB): 128
2021-05-06 11:26:53,936 [INFO] EditThreadDialog:690 - RAM SIZE (in words): 32768
2021-05-06 11:27:17,910 [INFO] TasksAndQueuesTab:731 - Dynamic
2021-05-06 11:27:17,911 [WARN] TasksAndQueuesTab:737 - 128 128
2021-05-06 11:27:17,911 [WARN] TasksAndQueuesTab:749 - max value is: 3840.0
2021-05-06 11:27:17,911 [INFO] TasksAndQueuesTab:731 - Dynamic
2021-05-06 11:27:17,911 [WARN] TasksAndQueuesTab:737 - 128 128
2021-05-06 11:27:17,911 [WARN] TasksAndQueuesTab:749 - max value is: 3840.0
2021-05-06 11:27:17,911 [INFO] TasksAndQueuesTab:731 - Dynamic
2021-05-06 11:27:17,911 [WARN] TasksAndQueuesTab:737 - 128 128
2021-05-06 11:27:17,911 [WARN] TasksAndQueuesTab:749 - max value is: 3840.0
2021-05-06 11:27:17,911 [INFO] TasksAndQueuesTab:731 - Dynamic
2021-05-06 11:27:17,911 [WARN] TasksAndQueuesTab:737 - 128 128
2021-05-06 11:27:17,911 [WARN] TasksAndQueuesTab:749 - max value is: 3840.0
2021-05-06 11:27:17,911 [INFO] TasksAndQueuesTab:731 - Dynamic
2021-05-06 11:27:17,911 [WARN] TasksAndQueuesTab:737 - 128 128
2021-05-06 11:27:17,911 [WARN] TasksAndQueuesTab:749 - max value is: 3840.0
2021-05-06 11:27:25,864 [INFO] EditThreadDialog:688 - RAM SIZE (in KB): 128
2021-05-06 11:27:25,864 [INFO] EditThreadDialog:690 - RAM SIZE (in words): 32768
2021-05-06 11:27:43,096 [INFO] TasksAndQueuesTab:731 - Dynamic
2021-05-06 11:27:43,096 [WARN] TasksAndQueuesTab:737 - 128 128
2021-05-06 11:27:43,097 [WARN] TasksAndQueuesTab:749 - max value is: 3840.0
2021-05-06 11:27:43,098 [INFO] TasksAndQueuesTab:731 - Dynamic
2021-05-06 11:27:43,098 [WARN] TasksAndQueuesTab:737 - 128 128
2021-05-06 11:27:43,098 [WARN] TasksAndQueuesTab:749 - max value is: 3840.0
2021-05-06 11:27:43,098 [INFO] TasksAndQueuesTab:731 - Dynamic
2021-05-06 11:27:43,098 [WARN] TasksAndQueuesTab:737 - 128 128
2021-05-06 11:27:43,098 [WARN] TasksAndQueuesTab:749 - max value is: 3840.0
2021-05-06 11:27:43,098 [INFO] TasksAndQueuesTab:731 - Dynamic
2021-05-06 11:27:43,098 [WARN] TasksAndQueuesTab:737 - 128 128
2021-05-06 11:27:43,098 [WARN] TasksAndQueuesTab:749 - max value is: 3840.0
2021-05-06 11:27:43,099 [INFO] TasksAndQueuesTab:731 - Dynamic
2021-05-06 11:27:43,099 [WARN] TasksAndQueuesTab:737 - 128 128
2021-05-06 11:27:43,099 [WARN] TasksAndQueuesTab:749 - max value is: 3840.0
2021-05-06 11:27:43,099 [INFO] TasksAndQueuesTab:731 - Dynamic
2021-05-06 11:27:43,099 [WARN] TasksAndQueuesTab:737 - 128 128
2021-05-06 11:27:43,099 [WARN] TasksAndQueuesTab:749 - max value is: 3840.0
2021-05-06 11:27:47,872 [INFO] EditThreadDialog:688 - RAM SIZE (in KB): 128
2021-05-06 11:27:47,872 [INFO] EditThreadDialog:690 - RAM SIZE (in words): 32768
2021-05-06 11:27:52,174 [INFO] TasksAndQueuesTab:731 - Dynamic
2021-05-06 11:27:52,174 [WARN] TasksAndQueuesTab:737 - 128 128
2021-05-06 11:27:52,174 [WARN] TasksAndQueuesTab:749 - max value is: 3840.0
2021-05-06 11:27:52,174 [INFO] TasksAndQueuesTab:731 - Dynamic
2021-05-06 11:27:52,174 [WARN] TasksAndQueuesTab:737 - 128 128
2021-05-06 11:27:52,174 [WARN] TasksAndQueuesTab:749 - max value is: 3840.0
2021-05-06 11:27:52,174 [INFO] TasksAndQueuesTab:731 - Dynamic
2021-05-06 11:27:52,175 [WARN] TasksAndQueuesTab:737 - 128 128
2021-05-06 11:27:52,175 [WARN] TasksAndQueuesTab:749 - max value is: 3840.0
2021-05-06 11:27:52,175 [INFO] TasksAndQueuesTab:731 - Dynamic
2021-05-06 11:27:52,175 [WARN] TasksAndQueuesTab:737 - 128 128
2021-05-06 11:27:52,175 [WARN] TasksAndQueuesTab:749 - max value is: 3840.0
2021-05-06 11:27:52,175 [INFO] TasksAndQueuesTab:731 - Dynamic
2021-05-06 11:27:52,175 [WARN] TasksAndQueuesTab:737 - 128 128
2021-05-06 11:27:52,175 [WARN] TasksAndQueuesTab:749 - max value is: 3840.0
2021-05-06 11:27:52,175 [INFO] TasksAndQueuesTab:731 - Dynamic
2021-05-06 11:27:52,175 [WARN] TasksAndQueuesTab:737 - 128 128
2021-05-06 11:27:52,175 [WARN] TasksAndQueuesTab:749 - max value is: 3840.0
2021-05-06 11:27:52,880 [INFO] EditThreadDialog:688 - RAM SIZE (in KB): 128
2021-05-06 11:27:52,880 [INFO] EditThreadDialog:690 - RAM SIZE (in words): 32768
2021-05-06 11:28:05,363 [INFO] TasksAndQueuesTab:731 - Dynamic
2021-05-06 11:28:05,363 [WARN] TasksAndQueuesTab:737 - 128 128
2021-05-06 11:28:05,363 [WARN] TasksAndQueuesTab:749 - max value is: 3840.0
2021-05-06 11:28:05,363 [INFO] TasksAndQueuesTab:731 - Dynamic
2021-05-06 11:28:05,363 [WARN] TasksAndQueuesTab:737 - 128 128
2021-05-06 11:28:05,364 [WARN] TasksAndQueuesTab:749 - max value is: 3840.0
2021-05-06 11:28:05,364 [INFO] TasksAndQueuesTab:731 - Dynamic
2021-05-06 11:28:05,364 [WARN] TasksAndQueuesTab:737 - 128 128
2021-05-06 11:28:05,364 [WARN] TasksAndQueuesTab:749 - max value is: 3840.0
2021-05-06 11:28:05,364 [INFO] TasksAndQueuesTab:731 - Dynamic
2021-05-06 11:28:05,364 [WARN] TasksAndQueuesTab:737 - 128 128
2021-05-06 11:28:05,364 [WARN] TasksAndQueuesTab:749 - max value is: 3840.0
2021-05-06 11:28:05,364 [INFO] TasksAndQueuesTab:731 - Dynamic
2021-05-06 11:28:05,364 [WARN] TasksAndQueuesTab:737 - 128 128
2021-05-06 11:28:05,364 [WARN] TasksAndQueuesTab:749 - max value is: 3840.0
2021-05-06 11:28:05,365 [INFO] TasksAndQueuesTab:731 - Dynamic
2021-05-06 11:28:05,365 [WARN] TasksAndQueuesTab:737 - 128 128
2021-05-06 11:28:05,365 [WARN] TasksAndQueuesTab:749 - max value is: 3840.0
2021-05-06 11:28:05,365 [INFO] TasksAndQueuesTab:731 - Dynamic
2021-05-06 11:28:05,365 [WARN] TasksAndQueuesTab:737 - 128 128
2021-05-06 11:28:05,365 [WARN] TasksAndQueuesTab:749 - max value is: 3840.0
2021-05-06 11:28:08,230 [INFO] EditThreadDialog:688 - RAM SIZE (in KB): 128
2021-05-06 11:28:08,230 [INFO] EditThreadDialog:690 - RAM SIZE (in words): 32768
2021-05-06 11:28:13,552 [INFO] TasksAndQueuesTab:731 - Dynamic
2021-05-06 11:28:13,552 [WARN] TasksAndQueuesTab:737 - 128 128
2021-05-06 11:28:13,552 [WARN] TasksAndQueuesTab:749 - max value is: 3840.0
2021-05-06 11:28:13,552 [INFO] TasksAndQueuesTab:731 - Dynamic
2021-05-06 11:28:13,553 [WARN] TasksAndQueuesTab:737 - 128 128
2021-05-06 11:28:13,553 [WARN] TasksAndQueuesTab:749 - max value is: 3840.0
2021-05-06 11:28:13,553 [INFO] TasksAndQueuesTab:731 - Dynamic
2021-05-06 11:28:13,553 [WARN] TasksAndQueuesTab:737 - 128 128
2021-05-06 11:28:13,553 [WARN] TasksAndQueuesTab:749 - max value is: 3840.0
2021-05-06 11:28:13,553 [INFO] TasksAndQueuesTab:731 - Dynamic
2021-05-06 11:28:13,553 [WARN] TasksAndQueuesTab:737 - 128 128
2021-05-06 11:28:13,553 [WARN] TasksAndQueuesTab:749 - max value is: 3840.0
2021-05-06 11:28:13,553 [INFO] TasksAndQueuesTab:731 - Dynamic
2021-05-06 11:28:13,553 [WARN] TasksAndQueuesTab:737 - 128 128
2021-05-06 11:28:13,553 [WARN] TasksAndQueuesTab:749 - max value is: 3840.0
2021-05-06 11:28:13,553 [INFO] TasksAndQueuesTab:731 - Dynamic
2021-05-06 11:28:13,553 [WARN] TasksAndQueuesTab:737 - 128 128
2021-05-06 11:28:13,553 [WARN] TasksAndQueuesTab:749 - max value is: 3840.0
2021-05-06 11:28:13,553 [INFO] TasksAndQueuesTab:731 - Dynamic
2021-05-06 11:28:13,553 [WARN] TasksAndQueuesTab:737 - 128 128
2021-05-06 11:28:13,554 [WARN] TasksAndQueuesTab:749 - max value is: 3840.0
2021-05-06 11:28:50,834 [INFO] TasksAndQueuesTab:731 - Dynamic
2021-05-06 11:28:50,834 [WARN] TasksAndQueuesTab:737 - 128 128
2021-05-06 11:28:50,835 [WARN] TasksAndQueuesTab:749 - max value is: 3840.0
2021-05-06 11:28:50,835 [INFO] TasksAndQueuesTab:731 - Dynamic
2021-05-06 11:28:50,835 [WARN] TasksAndQueuesTab:737 - 128 128
2021-05-06 11:28:50,835 [WARN] TasksAndQueuesTab:749 - max value is: 3840.0
2021-05-06 11:28:50,835 [INFO] TasksAndQueuesTab:731 - Dynamic
2021-05-06 11:28:50,835 [WARN] TasksAndQueuesTab:737 - 128 128
2021-05-06 11:28:50,835 [WARN] TasksAndQueuesTab:749 - max value is: 3840.0
2021-05-06 11:28:50,835 [INFO] TasksAndQueuesTab:731 - Dynamic
2021-05-06 11:28:50,835 [WARN] TasksAndQueuesTab:737 - 128 128
2021-05-06 11:28:50,835 [WARN] TasksAndQueuesTab:749 - max value is: 3840.0
2021-05-06 11:28:50,835 [INFO] TasksAndQueuesTab:731 - Dynamic
2021-05-06 11:28:50,835 [WARN] TasksAndQueuesTab:737 - 128 128
2021-05-06 11:28:50,835 [WARN] TasksAndQueuesTab:749 - max value is: 3840.0
2021-05-06 11:28:50,835 [INFO] TasksAndQueuesTab:731 - Dynamic
2021-05-06 11:28:50,835 [WARN] TasksAndQueuesTab:737 - 128 128
2021-05-06 11:28:50,836 [WARN] TasksAndQueuesTab:749 - max value is: 3840.0
2021-05-06 11:28:50,836 [INFO] TasksAndQueuesTab:731 - Dynamic
2021-05-06 11:28:50,836 [WARN] TasksAndQueuesTab:737 - 128 128
2021-05-06 11:28:50,836 [WARN] TasksAndQueuesTab:749 - max value is: 3840.0
2021-05-06 11:31:54,274 [INFO] UtilMem:74 - End SaveConfig() Used Memory: 478927032 Bytes (997195776)
